#
# A fatal error has been detected by the Java Runtime Environment:
#
#  SIGILL (0x4) at pc=0x000000026fbfbc15, pid=10986, tid=157447
#
# JRE version: OpenJDK Runtime Environment Corretto-11.0.13.8.1 (11.0.13+8) (build 11.0.13+8-LTS)
# Java VM: OpenJDK 64-Bit Server VM Corretto-11.0.13.8.1 (11.0.13+8-LTS, mixed mode, tiered, g1 gc, bsd-amd64)
# Problematic frame:
# C  [libtensorflow_framework.2.dylib+0x14c15]  _ZN10tensorflow10monitoring9MetricDefILNS0_10MetricKindE1ExLi2EEC2IJA11_cA7_cEEEN4absl14lts_2020_02_2511string_viewES9_DpRKT_+0x125
#
# No core dump will be written. Core dumps have been disabled. To enable core dumping, try "ulimit -c unlimited" before starting Java again
#
# If you would like to submit a bug report, please visit:
#   https://github.com/corretto/corretto-11/issues/
# The crash happened outside the Java Virtual Machine in native code.
# See problematic frame for where to report the bug.
#

---------------  S U M M A R Y ------------

Command Line: -Xmx64G -Dfile.encoding=UTF-8 -Duser.country=GB -Duser.language=en -Duser.variant StreamPartitionTest

Host: MacBookPro17,1 x86_64 2400 MHz, 8 cores, 16G, Darwin 20.6.0
Time: Sun Dec 19 15:08:32 2021 GMT elapsed time: 19.716910 seconds (0d 0h 0m 19s)

---------------  T H R E A D  ---------------

Current thread (0x00007fd41c357000):  JavaThread "Legacy Source Thread - Source: Socket Stream -> Source Reader Mapper -> Map (1/1)#0" [_thread_in_native, id=157447, stack(0x0000000313b13000,0x0000000313c13000)]

Stack: [0x0000000313b13000,0x0000000313c13000],  sp=0x0000000313c0c480,  free space=997k
Native frames: (J=compiled Java code, A=aot compiled Java code, j=interpreted, Vv=VM code, C=native code)
C  [libtensorflow_framework.2.dylib+0x14c15]  _ZN10tensorflow10monitoring9MetricDefILNS0_10MetricKindE1ExLi2EEC2IJA11_cA7_cEEEN4absl14lts_2020_02_2511string_viewES9_DpRKT_+0x125
C  [libtensorflow_framework.2.dylib+0xdfbb]  _ZN10tensorflow10monitoring7CounterILi2EE3NewIJRA46_KcRA58_S4_RA11_S4_RA7_S4_EEEPS2_DpOT_+0x5b
C  [libtensorflow_framework.2.dylib+0x18b81]  _GLOBAL__sub_I_loader.cc+0x31
C  0x0000000204979b47
C  0x0000000204979f52
C  0x0000000204974ae6
C  0x000000020497289f
C  0x0000000204972940
C  0x0000000204962a12
C  0x000000020496e11a
C  [libdyld.dylib+0x17c94]  _ZL15dlopen_internalPKciPv+0xb9
C  [libdyld.dylib+0x607e]  dlopen+0x1c
V  [libjvm.dylib+0x62f335]  _ZN2os8dll_loadEPKcPci+0x3f
V  [libjvm.dylib+0x4475f3]  JVM_LoadLibrary+0x69
C  [libjava.dylib+0x30d4]  Java_java_lang_ClassLoader_00024NativeLibrary_load0+0x76
j  java.lang.ClassLoader$NativeLibrary.load0(Ljava/lang/String;Z)Z+0 java.base@11.0.13
j  java.lang.ClassLoader$NativeLibrary.load()Z+53 java.base@11.0.13
j  java.lang.ClassLoader$NativeLibrary.loadLibrary(Ljava/lang/Class;Ljava/lang/String;Z)Z+216 java.base@11.0.13
j  java.lang.ClassLoader.loadLibrary0(Ljava/lang/Class;Ljava/io/File;)Z+46 java.base@11.0.13
j  java.lang.ClassLoader.loadLibrary(Ljava/lang/Class;Ljava/lang/String;Z)V+70 java.base@11.0.13
j  java.lang.Runtime.load0(Ljava/lang/Class;Ljava/lang/String;)V+57 java.base@11.0.13
j  java.lang.System.load(Ljava/lang/String;)V+7 java.base@11.0.13
j  org.bytedeco.javacpp.Loader.loadLibrary(Ljava/lang/Class;[Ljava/net/URL;Ljava/lang/String;[Ljava/lang/String;)Ljava/lang/String;+946
j  org.bytedeco.javacpp.Loader.load(Ljava/lang/Class;Ljava/util/Properties;Z)Ljava/lang/String;+593
j  org.bytedeco.javacpp.Loader.load()Ljava/lang/String;+10
j  org.tensorflow.internal.c_api.global.tensorflow.<clinit>()V+0
v  ~StubRoutines::call_stub
V  [libjvm.dylib+0x3c47a9]  _ZN9JavaCalls11call_helperEP9JavaValueRK12methodHandleP17JavaCallArgumentsP6Thread+0x257
V  [libjvm.dylib+0x3aa344]  _ZN13InstanceKlass22call_class_initializerEP6Thread+0x1a6
V  [libjvm.dylib+0x3a9cb8]  _ZN13InstanceKlass15initialize_implEP6Thread+0x486
V  [libjvm.dylib+0x43b62b]  _Z28find_class_from_class_loaderP7JNIEnv_P6Symbolh6HandleS3_hP6Thread+0x60
V  [libjvm.dylib+0x43b511]  JVM_FindClassFromCaller+0x1a2
C  [libjava.dylib+0x2ae5]  Java_java_lang_Class_forName0+0x12a
J 1221  java.lang.Class.forName0(Ljava/lang/String;ZLjava/lang/ClassLoader;Ljava/lang/Class;)Ljava/lang/Class; java.base@11.0.13 (0 bytes) @ 0x00000001234363b4 [0x00000001234362c0+0x00000000000000f4]
J 3426 c1 java.lang.Class.forName(Ljava/lang/String;ZLjava/lang/ClassLoader;)Ljava/lang/Class; java.base@11.0.13 (47 bytes) @ 0x000000011c55fd9c [0x000000011c55fa80+0x000000000000031c]
j  org.bytedeco.javacpp.Loader.load(Ljava/lang/Class;Ljava/util/Properties;Z)Ljava/lang/String;+283
j  org.bytedeco.javacpp.Loader.load(Ljava/lang/Class;)Ljava/lang/String;+7
j  org.tensorflow.NativeLibrary.load()V+2
j  org.tensorflow.TensorFlow.init()V+0
j  org.tensorflow.TensorFlow.<clinit>()V+0
v  ~StubRoutines::call_stub
V  [libjvm.dylib+0x3c47a9]  _ZN9JavaCalls11call_helperEP9JavaValueRK12methodHandleP17JavaCallArgumentsP6Thread+0x257
V  [libjvm.dylib+0x3aa344]  _ZN13InstanceKlass22call_class_initializerEP6Thread+0x1a6
V  [libjvm.dylib+0x3a9cb8]  _ZN13InstanceKlass15initialize_implEP6Thread+0x486
V  [libjvm.dylib+0x514d16]  _ZN12LinkResolver19resolve_static_callER8CallInfoRK8LinkInfobP6Thread+0x6a
V  [libjvm.dylib+0x5169d9]  _ZN12LinkResolver20resolve_invokestaticER8CallInfoRK18constantPoolHandleiP6Thread+0x35
V  [libjvm.dylib+0x3bf19c]  _ZN18InterpreterRuntime14resolve_invokeEP10JavaThreadN9Bytecodes4CodeE+0x204
V  [libjvm.dylib+0x3bf743]  _ZN18InterpreterRuntime18resolve_from_cacheEP10JavaThreadN9Bytecodes4CodeE+0x37
j  org.tensorflow.EagerSession.<clinit>()V+4
v  ~StubRoutines::call_stub
V  [libjvm.dylib+0x3c47a9]  _ZN9JavaCalls11call_helperEP9JavaValueRK12methodHandleP17JavaCallArgumentsP6Thread+0x257
V  [libjvm.dylib+0x3aa344]  _ZN13InstanceKlass22call_class_initializerEP6Thread+0x1a6
V  [libjvm.dylib+0x3a9cb8]  _ZN13InstanceKlass15initialize_implEP6Thread+0x486
V  [libjvm.dylib+0x514d16]  _ZN12LinkResolver19resolve_static_callER8CallInfoRK8LinkInfobP6Thread+0x6a
V  [libjvm.dylib+0x5169d9]  _ZN12LinkResolver20resolve_invokestaticER8CallInfoRK18constantPoolHandleiP6Thread+0x35
V  [libjvm.dylib+0x3bf19c]  _ZN18InterpreterRuntime14resolve_invokeEP10JavaThreadN9Bytecodes4CodeE+0x204
V  [libjvm.dylib+0x3bf743]  _ZN18InterpreterRuntime18resolve_from_cacheEP10JavaThreadN9Bytecodes4CodeE+0x37
j  org.tensorflow.op.Ops.create()Lorg/tensorflow/op/Ops;+8
j  StreamPartitionTest.lambda$main$32e09248$1(Ljava/lang/String;)Ltypes/GraphQuery;+0
j  StreamPartitionTest$$Lambda$1066.map(Ljava/lang/Object;)Ljava/lang/Object;+4
j  org.apache.flink.streaming.api.operators.StreamMap.processElement(Lorg/apache/flink/streaming/runtime/streamrecord/StreamRecord;)V+16
j  org.apache.flink.streaming.runtime.tasks.CopyingChainingOutput.pushToOperator(Lorg/apache/flink/streaming/runtime/streamrecord/StreamRecord;)V+42
j  org.apache.flink.streaming.runtime.tasks.CopyingChainingOutput.collect(Lorg/apache/flink/streaming/runtime/streamrecord/StreamRecord;)V+10
j  org.apache.flink.streaming.runtime.tasks.CopyingChainingOutput.collect(Ljava/lang/Object;)V+5
j  org.apache.flink.streaming.api.operators.CountingOutput.collect(Lorg/apache/flink/streaming/runtime/streamrecord/StreamRecord;)V+14
j  org.apache.flink.streaming.api.operators.CountingOutput.collect(Ljava/lang/Object;)V+5
j  org.apache.flink.streaming.api.operators.StreamSourceContexts$ManualWatermarkContext.processAndCollect(Ljava/lang/Object;)V+12
j  org.apache.flink.streaming.api.operators.StreamSourceContexts$WatermarkContext.collect(Ljava/lang/Object;)V+35
j  org.apache.flink.streaming.api.operators.StreamSourceContexts$SwitchingOnClose.collect(Ljava/lang/Object;)V+5
j  org.apache.flink.streaming.api.functions.source.SocketTextStreamFunction.run(Lorg/apache/flink/streaming/api/functions/source/SourceFunction$SourceContext;)V+238
j  org.apache.flink.streaming.api.operators.StreamSource.run(Ljava/lang/Object;Lorg/apache/flink/streaming/api/operators/Output;Lorg/apache/flink/streaming/runtime/tasks/OperatorChain;)V+142
j  org.apache.flink.streaming.api.operators.StreamSource.run(Ljava/lang/Object;Lorg/apache/flink/streaming/runtime/tasks/OperatorChain;)V+7
j  org.apache.flink.streaming.runtime.tasks.SourceStreamTask$LegacySourceFunctionThread.run()V+54
v  ~StubRoutines::call_stub
V  [libjvm.dylib+0x3c47a9]  _ZN9JavaCalls11call_helperEP9JavaValueRK12methodHandleP17JavaCallArgumentsP6Thread+0x257
V  [libjvm.dylib+0x3c3bf3]  _ZN9JavaCalls12call_virtualEP9JavaValueP5KlassP6SymbolS5_P17JavaCallArgumentsP6Thread+0xd7
V  [libjvm.dylib+0x3c3caa]  _ZN9JavaCalls12call_virtualEP9JavaValue6HandleP5KlassP6SymbolS6_P6Thread+0x62
V  [libjvm.dylib+0x444b59]  _ZL12thread_entryP10JavaThreadP6Thread+0x78
V  [libjvm.dylib+0x786323]  _ZN10JavaThread17thread_main_innerEv+0x89
V  [libjvm.dylib+0x78616e]  _ZN10JavaThread3runEv+0x12e
V  [libjvm.dylib+0x78410e]  _ZN6Thread8call_runEv+0x68
V  [libjvm.dylib+0x62e86d]  _ZL19thread_native_entryP6Thread+0x12d
C  [libsystem_pthread.dylib+0x68fc]  _pthread_start+0xe0
C  [libsystem_pthread.dylib+0x2443]  thread_start+0xf

Java frames: (J=compiled Java code, j=interpreted, Vv=VM code)
j  java.lang.ClassLoader$NativeLibrary.load0(Ljava/lang/String;Z)Z+0 java.base@11.0.13
j  java.lang.ClassLoader$NativeLibrary.load()Z+53 java.base@11.0.13
j  java.lang.ClassLoader$NativeLibrary.loadLibrary(Ljava/lang/Class;Ljava/lang/String;Z)Z+216 java.base@11.0.13
j  java.lang.ClassLoader.loadLibrary0(Ljava/lang/Class;Ljava/io/File;)Z+46 java.base@11.0.13
j  java.lang.ClassLoader.loadLibrary(Ljava/lang/Class;Ljava/lang/String;Z)V+70 java.base@11.0.13
j  java.lang.Runtime.load0(Ljava/lang/Class;Ljava/lang/String;)V+57 java.base@11.0.13
j  java.lang.System.load(Ljava/lang/String;)V+7 java.base@11.0.13
j  org.bytedeco.javacpp.Loader.loadLibrary(Ljava/lang/Class;[Ljava/net/URL;Ljava/lang/String;[Ljava/lang/String;)Ljava/lang/String;+946
j  org.bytedeco.javacpp.Loader.load(Ljava/lang/Class;Ljava/util/Properties;Z)Ljava/lang/String;+593
j  org.bytedeco.javacpp.Loader.load()Ljava/lang/String;+10
j  org.tensorflow.internal.c_api.global.tensorflow.<clinit>()V+0
v  ~StubRoutines::call_stub
J 1221  java.lang.Class.forName0(Ljava/lang/String;ZLjava/lang/ClassLoader;Ljava/lang/Class;)Ljava/lang/Class; java.base@11.0.13 (0 bytes) @ 0x000000012343633a [0x00000001234362c0+0x000000000000007a]
J 3426 c1 java.lang.Class.forName(Ljava/lang/String;ZLjava/lang/ClassLoader;)Ljava/lang/Class; java.base@11.0.13 (47 bytes) @ 0x000000011c55fd9c [0x000000011c55fa80+0x000000000000031c]
j  org.bytedeco.javacpp.Loader.load(Ljava/lang/Class;Ljava/util/Properties;Z)Ljava/lang/String;+283
j  org.bytedeco.javacpp.Loader.load(Ljava/lang/Class;)Ljava/lang/String;+7
j  org.tensorflow.NativeLibrary.load()V+2
j  org.tensorflow.TensorFlow.init()V+0
j  org.tensorflow.TensorFlow.<clinit>()V+0
v  ~StubRoutines::call_stub
j  org.tensorflow.EagerSession.<clinit>()V+4
v  ~StubRoutines::call_stub
j  org.tensorflow.op.Ops.create()Lorg/tensorflow/op/Ops;+8
j  StreamPartitionTest.lambda$main$32e09248$1(Ljava/lang/String;)Ltypes/GraphQuery;+0
j  StreamPartitionTest$$Lambda$1066.map(Ljava/lang/Object;)Ljava/lang/Object;+4
j  org.apache.flink.streaming.api.operators.StreamMap.processElement(Lorg/apache/flink/streaming/runtime/streamrecord/StreamRecord;)V+16
j  org.apache.flink.streaming.runtime.tasks.CopyingChainingOutput.pushToOperator(Lorg/apache/flink/streaming/runtime/streamrecord/StreamRecord;)V+42
j  org.apache.flink.streaming.runtime.tasks.CopyingChainingOutput.collect(Lorg/apache/flink/streaming/runtime/streamrecord/StreamRecord;)V+10
j  org.apache.flink.streaming.runtime.tasks.CopyingChainingOutput.collect(Ljava/lang/Object;)V+5
j  org.apache.flink.streaming.api.operators.CountingOutput.collect(Lorg/apache/flink/streaming/runtime/streamrecord/StreamRecord;)V+14
j  org.apache.flink.streaming.api.operators.CountingOutput.collect(Ljava/lang/Object;)V+5
j  org.apache.flink.streaming.api.operators.StreamSourceContexts$ManualWatermarkContext.processAndCollect(Ljava/lang/Object;)V+12
j  org.apache.flink.streaming.api.operators.StreamSourceContexts$WatermarkContext.collect(Ljava/lang/Object;)V+35
j  org.apache.flink.streaming.api.operators.StreamSourceContexts$SwitchingOnClose.collect(Ljava/lang/Object;)V+5
j  org.apache.flink.streaming.api.functions.source.SocketTextStreamFunction.run(Lorg/apache/flink/streaming/api/functions/source/SourceFunction$SourceContext;)V+238
j  org.apache.flink.streaming.api.operators.StreamSource.run(Ljava/lang/Object;Lorg/apache/flink/streaming/api/operators/Output;Lorg/apache/flink/streaming/runtime/tasks/OperatorChain;)V+142
j  org.apache.flink.streaming.api.operators.StreamSource.run(Ljava/lang/Object;Lorg/apache/flink/streaming/runtime/tasks/OperatorChain;)V+7
j  org.apache.flink.streaming.runtime.tasks.SourceStreamTask$LegacySourceFunctionThread.run()V+54
v  ~StubRoutines::call_stub

siginfo: si_signo: 4 (SIGILL), si_code: 1 (ILL_ILLOPC), si_addr: 0x000000026fbfbc15

Register to memory mapping:

RAX=0x0000000313c0c4f9 is pointing into the stack for thread: 0x00007fd41c357000
RBX=0x0000000313c0c560 is pointing into the stack for thread: 0x00007fd41c357000
RCX=0x0000000313c0c4ff is pointing into the stack for thread: 0x00007fd41c357000
RDX=0x0 is NULL
RSP=0x0000000313c0c480 is pointing into the stack for thread: 0x00007fd41c357000
RBP=0x0000000313c0c540 is pointing into the stack for thread: 0x00007fd41c357000
RSI=0x0000000270d1e96e: base_dist+0x5ae in /Users/rustamwarwick/.javacpp/cache/tensorflow-core-api-0.3.3-macosx-x86_64.jar/org/tensorflow/internal/c_api/macosx-x86_64/libtensorflow_framework.2.dylib at 0x000000026fbe7000
RDI=0x0000000313c0c4f9 is pointing into the stack for thread: 0x00007fd41c357000
R8 =0x0000000000000073 is an unknown value
R9 =0x0000000270d1e95d: base_dist+0x59d in /Users/rustamwarwick/.javacpp/cache/tensorflow-core-api-0.3.3-macosx-x86_64.jar/org/tensorflow/internal/c_api/macosx-x86_64/libtensorflow_framework.2.dylib at 0x000000026fbe7000
R10=0x0000000000000005 is an unknown value
R11=0x00007fff20401fb0: _platform_memmove$VARIANT$Rosetta+0 in /usr/lib/system/libsystem_platform.dylib at 0x00007fff203fc000
R12=0x0000000000000006 is an unknown value
R13=0x0000000313c0c4f8 is pointing into the stack for thread: 0x00007fd41c357000
R14=0x0000000270d1e968: base_dist+0x5a8 in /Users/rustamwarwick/.javacpp/cache/tensorflow-core-api-0.3.3-macosx-x86_64.jar/org/tensorflow/internal/c_api/macosx-x86_64/libtensorflow_framework.2.dylib at 0x000000026fbe7000
R15=0x0000000313c0c4f9 is pointing into the stack for thread: 0x00007fd41c357000


Registers:
RAX=0x0000000313c0c4f9, RBX=0x0000000313c0c560, RCX=0x0000000313c0c4ff, RDX=0x0000000000000000
RSP=0x0000000313c0c480, RBP=0x0000000313c0c540, RSI=0x0000000270d1e96e, RDI=0x0000000313c0c4f9
R8 =0x0000000000000073, R9 =0x0000000270d1e95d, R10=0x0000000000000005, R11=0x00007fff20401fb0
R12=0x0000000000000006, R13=0x0000000313c0c4f8, R14=0x0000000270d1e968, R15=0x0000000313c0c4f9
RIP=0x000000026fbfbc15, EFLAGS=0x0000000000000246, ERR=0x0000000000000000
  TRAPNO=0x0000000000000006

Top of Stack: (sp=0x0000000313c0c480)
0x0000000313c0c480:   0000000000000009 0000000000000088
0x0000000313c0c490:   0000000000000088 0000000270d1e923
0x0000000313c0c4a0:   0000000000000039 000000000000002d
0x0000000313c0c4b0:   0000000270d1e8f5 0000000313c0c560
0x0000000313c0c4c0:   0000000000000088 0000000000000088
0x0000000313c0c4d0:   0000000000000001 00007fff806c8000
0x0000000313c0c4e0:   705f6c65646f6d14 00007fff00687461
0x0000000313c0c4f0:   0000000000004471 007375746174730c
0x0000000313c0c500:   00007fd3edd48700 0000000270d1e8f5
0x0000000313c0c510:   7fd9ff923ab800e8 0000000270d1e8f5
0x0000000313c0c520:   0000000270d1e968 0000000270d1e923
0x0000000313c0c530:   00007fd3edd48700 000000000000002d
0x0000000313c0c540:   0000000313c0c5e0 000000026fbf4fbb
0x0000000313c0c550:   0000000270d1e968 0000000313c0fb74
0x0000000313c0c560:   0000000313c10aa8 00000003c815f590
0x0000000313c0c570:   0000000313c0fea0 0000000313c0fea4
0x0000000313c0c580:   0000000313c0fba0 0000000313c0fba4
0x0000000313c0c590:   0000000313c0f980 0000000313c0f984
0x0000000313c0c5a0:   0000000313c10a88 00000003c78d9000
0x0000000313c0c5b0:   0000000270d1e95d 0000000270d1e95d
0x0000000313c0c5c0:   0000000000000000 0000000313c0c680
0x0000000313c0c5d0:   00007fff806f2d78 0000000000000000
0x0000000313c0c5e0:   0000000313c0c670 000000026fbffb81
0x0000000313c0c5f0:   0000000313c0c640 00000002049701ee
0x0000000313c0c600:   0000000313c0c630 00000002049779cd
0x0000000313c0c610:   0000000000000000 0000000313c0c680
0x0000000313c0c620:   0000000000000000 000000026fbffb50
0x0000000313c0c630:   0000000000000000 0000000313c0c680
0x0000000313c0c640:   00007fff806f2d78 0000000000000000
0x0000000313c0c650:   0000000313c0c670 000000026fbffb50
0x0000000313c0c660:   00007fff806f2d78 0000000000000000
0x0000000313c0c670:   0000000313c0c7d0 0000000204979b47 

Instructions: (pc=0x000000026fbfbc15)
0x000000026fbfbb15:   1c 01 48 8b 00 48 89 45 d0 48 89 8d 58 ff ff ff
0x000000026fbfbb25:   4c 89 85 60 ff ff ff 4c 89 cf e8 bc de f7 00 48
0x000000026fbfbb35:   83 f8 f0 0f 83 f1 01 00 00 49 89 c4 48 89 9d 78
0x000000026fbfbb45:   ff ff ff 4c 89 bd 70 ff ff ff 48 83 f8 17 4c 89
0x000000026fbfbb55:   b5 68 ff ff ff 73 12 43 8d 04 24 88 45 a0 4c 8d
0x000000026fbfbb65:   7d a1 4d 85 e4 75 28 eb 34 4c 89 e3 48 83 c3 10
0x000000026fbfbb75:   48 83 e3 f0 48 89 df e8 0b d9 f7 00 49 89 c7 48
0x000000026fbfbb85:   89 45 b0 48 83 cb 01 48 89 5d a0 4c 89 65 a8 4c
0x000000026fbfbb95:   89 ff 4c 89 ee 4c 89 e2 e8 de db f7 00 4c 8b 75
0x000000026fbfbba5:   10 43 c6 04 27 00 4c 8d 6d b8 4c 89 f7 e8 39 de
0x000000026fbfbbb5:   f7 00 48 83 f8 f0 0f 83 79 01 00 00 49 89 c4 48
0x000000026fbfbbc5:   83 f8 17 73 12 43 8d 04 24 88 45 b8 4d 8d 7d 01
0x000000026fbfbbd5:   4d 85 e4 75 28 eb 34 4c 89 e3 48 83 c3 10 48 83
0x000000026fbfbbe5:   e3 f0 48 89 df e8 9d d8 f7 00 49 89 c7 48 89 45
0x000000026fbfbbf5:   c8 48 83 cb 01 48 89 5d b8 4c 89 65 c0 4c 89 ff
0x000000026fbfbc05:   4c 89 f6 4c 89 e2 e8 70 db f7 00 43 c6 04 27 00
0x000000026fbfbc15:   c5 f8 57 c0 c5 f8 29 45 80 48 c7 45 90 00 00 00
0x000000026fbfbc25:   00 bf 30 00 00 00 e8 5c d8 f7 00 48 89 c3 48 89
0x000000026fbfbc35:   45 88 48 89 45 80 4c 8d 78 30 4c 89 7d 90 48 8d
0x000000026fbfbc45:   75 a0 49 89 c6 48 89 c7 e8 06 d6 f7 00 4c 8d 73
0x000000026fbfbc55:   18 4c 89 f7 4c 89 ee e8 f7 d5 f7 00 48 8d 5d 88
0x000000026fbfbc65:   4c 89 7d 88 c5 f8 10 85 58 ff ff ff c5 f8 11 04
0x000000026fbfbc75:   24 4c 8d 4d 80 48 8b bd 78 ff ff ff be 01 00 00
0x000000026fbfbc85:   00 31 d2 48 8b 8d 70 ff ff ff 4c 8b 85 68 ff ff
0x000000026fbfbc95:   ff e8 55 01 00 00 4c 8b 75 80 4d 85 f6 74 46 48
0x000000026fbfbca5:   8b 45 88 4c 39 f0 75 1b 4c 89 f7 eb 2f 66 2e 0f
0x000000026fbfbcb5:   1f 84 00 00 00 00 00 0f 1f 40 00 48 89 d8 49 39
0x000000026fbfbcc5:   de 74 15 48 8d 58 e8 f6 40 e8 01 74 ee 48 8b 78
0x000000026fbfbcd5:   f8 e8 a5 d7 f7 00 eb e3 48 8b 7d 80 4c 89 75 88
0x000000026fbfbce5:   e8 96 d7 f7 00 f6 45 b8 01 74 09 48 8b 7d c8 e8
0x000000026fbfbcf5:   87 d7 f7 00 f6 45 a0 01 74 09 48 8b 7d b0 e8 78
0x000000026fbfbd05:   d7 f7 00 48 8b 05 91 dc 1c 01 48 8b 00 48 3b 45 


Stack slot to memory mapping:
stack at sp + 0 slots: 0x0000000000000009 is an unknown value
stack at sp + 1 slots: 0x0000000000000088 is an unknown value
stack at sp + 2 slots: 0x0000000000000088 is an unknown value
stack at sp + 3 slots: 0x0000000270d1e923: base_dist+0x563 in /Users/rustamwarwick/.javacpp/cache/tensorflow-core-api-0.3.3-macosx-x86_64.jar/org/tensorflow/internal/c_api/macosx-x86_64/libtensorflow_framework.2.dylib at 0x000000026fbe7000
stack at sp + 4 slots: 0x0000000000000039 is an unknown value
stack at sp + 5 slots: 0x000000000000002d is an unknown value
stack at sp + 6 slots: 0x0000000270d1e8f5: base_dist+0x535 in /Users/rustamwarwick/.javacpp/cache/tensorflow-core-api-0.3.3-macosx-x86_64.jar/org/tensorflow/internal/c_api/macosx-x86_64/libtensorflow_framework.2.dylib at 0x000000026fbe7000
stack at sp + 7 slots: 0x0000000313c0c560 is pointing into the stack for thread: 0x00007fd41c357000


---------------  P R O C E S S  ---------------

Threads class SMR info:
_java_thread_list=0x00007fd3edd42ac0, length=112, elements={
0x00007fd41e80a000, 0x00007fd41f86b800, 0x00007fd41e8b8000, 0x00007fd41e8d3800,
0x00007fd41f86c800, 0x00007fd41f86d800, 0x00007fd41f870800, 0x00007fd41e8f6800,
0x00007fd41f898800, 0x00007fd41fbc2000, 0x00007fd4187f8800, 0x00007fd41e0e9800,
0x00007fd41f156000, 0x00007fd41f15a800, 0x00007fd41f287800, 0x00007fd418e04800,
0x00007fd419683800, 0x00007fd4196a3800, 0x00007fd418df5000, 0x00007fd418df6000,
0x00007fd41e0f3800, 0x00007fd41f289000, 0x00007fd418e05800, 0x00007fd418e13000,
0x00007fd418e13800, 0x00007fd41969b000, 0x00007fd418dec000, 0x00007fd41ed4d800,
0x00007fd418e0c000, 0x00007fd41b903000, 0x00007fd41b91e000, 0x00007fd418e1a800,
0x00007fd41ecd0800, 0x00007fd41f380000, 0x00007fd41f7ff000, 0x00007fd41e3ba000,
0x00007fd41f381000, 0x00007fd41f7fd000, 0x00007fd41c0d2800, 0x00007fd419695800,
0x00007fd41e139000, 0x00007fd41e3fb800, 0x00007fd41bf0f000, 0x00007fd41e21a000,
0x00007fd419629800, 0x00007fd41c10d800, 0x00007fd41ac6b800, 0x00007fd41c1f2800,
0x00007fd41bfa6000, 0x00007fd4196a0800, 0x00007fd41e5f8000, 0x00007fd41aee4800,
0x00007fd428068800, 0x00007fd428069800, 0x00007fd41c22f800, 0x00007fd41c230800,
0x00007fd42806a800, 0x00007fd41e5f9000, 0x00007fd42806b000, 0x00007fd42806c000,
0x00007fd41bfaf000, 0x00007fd41c224800, 0x00007fd42806e800, 0x00007fd41c235800,
0x00007fd41e601800, 0x00007fd41bfb0000, 0x00007fd41bfff000, 0x00007fd41bfbb800,
0x00007fd41c223800, 0x00007fd41bfbe800, 0x00007fd42807d000, 0x00007fd41e7fc800,
0x00007fd428073800, 0x00007fd41bffb800, 0x00007fd41bfc1000, 0x00007fd41c23c800,
0x00007fd3eecd1000, 0x00007fd3ee01e000, 0x00007fd3ee01a800, 0x00007fd3eecd0800,
0x00007fd3eecd5000, 0x00007fd41c357000, 0x00007fd3ee18c000, 0x00007fd3eecd2000,
0x00007fd428228800, 0x00007fd3ee18d000, 0x00007fd4280df800, 0x00007fd3ee192000,
0x00007fd41bfbf000, 0x00007fd41bfc0000, 0x00007fd41bfbc800, 0x00007fd41c37b000,
0x00007fd41c375800, 0x00007fd41c359000, 0x00007fd3ee177800, 0x00007fd3ee178000,
0x00007fd41bfbd800, 0x00007fd3fe011000, 0x00007fd41c358000, 0x00007fd3ee13b000,
0x00007fd4280e0800, 0x00007fd3eece8800, 0x00007fd428222000, 0x00007fd3ee13e000,
0x00007fd3eecd6000, 0x00007fd42806d000, 0x00007fd428087800, 0x00007fd3ee187800,
0x00007fd3eecf3800, 0x00007fd428089800, 0x00007fd42808a800, 0x00007fd3ee188000
}

Java Threads: ( => current thread )
  0x00007fd41e80a000 JavaThread "main" [_thread_blocked, id=7171, stack(0x000000030d23c000,0x000000030d33c000)]
  0x00007fd41f86b800 JavaThread "Reference Handler" daemon [_thread_blocked, id=16899, stack(0x000000030d951000,0x000000030da51000)]
  0x00007fd41e8b8000 JavaThread "Finalizer" daemon [_thread_blocked, id=16131, stack(0x000000030da54000,0x000000030db54000)]
  0x00007fd41e8d3800 JavaThread "Signal Dispatcher" daemon [_thread_blocked, id=23299, stack(0x000000030dc67000,0x000000030dd67000)]
  0x00007fd41f86c800 JavaThread "Service Thread" daemon [_thread_blocked, id=40707, stack(0x000000030dd6a000,0x000000030de6a000)]
  0x00007fd41f86d800 JavaThread "C2 CompilerThread0" daemon [_thread_blocked, id=40451, stack(0x000000030de6d000,0x000000030df6d000)]
  0x00007fd41f870800 JavaThread "C1 CompilerThread0" daemon [_thread_blocked, id=24835, stack(0x000000030df70000,0x000000030e070000)]
  0x00007fd41e8f6800 JavaThread "Sweeper thread" daemon [_thread_blocked, id=25603, stack(0x000000030e073000,0x000000030e173000)]
  0x00007fd41f898800 JavaThread "Common-Cleaner" daemon [_thread_blocked, id=27139, stack(0x000000030e279000,0x000000030e379000)]
  0x00007fd41fbc2000 JavaThread "JavaCPP Deallocator" daemon [_thread_blocked, id=29187, stack(0x000000030e88b000,0x000000030e98b000)]
  0x00007fd4187f8800 JavaThread "flink-scheduler-1" [_thread_blocked, id=85507, stack(0x000000030f138000,0x000000030f238000)]
  0x00007fd41e0e9800 JavaThread "flink-akka.actor.internal-dispatcher-2" [_thread_blocked, id=44803, stack(0x000000030f23b000,0x000000030f33b000)]
  0x00007fd41f156000 JavaThread "flink-akka.actor.internal-dispatcher-3" [_thread_blocked, id=84227, stack(0x000000030f33e000,0x000000030f43e000)]
  0x00007fd41f15a800 JavaThread "flink-akka.actor.default-dispatcher-4" [_thread_blocked, id=45315, stack(0x000000030f441000,0x000000030f541000)]
  0x00007fd41f287800 JavaThread "flink-akka.actor.supervisor-dispatcher-5" [_thread_blocked, id=45827, stack(0x000000030f544000,0x000000030f644000)]
  0x00007fd418e04800 JavaThread "flink-metrics-scheduler-1" [_thread_blocked, id=46339, stack(0x000000030f647000,0x000000030f747000)]
  0x00007fd419683800 JavaThread "flink-metrics-akka.actor.internal-dispatcher-2" [_thread_blocked, id=82179, stack(0x000000030f74a000,0x000000030f84a000)]
  0x00007fd4196a3800 JavaThread "flink-metrics-akka.actor.internal-dispatcher-3" [_thread_blocked, id=81155, stack(0x000000030f84d000,0x000000030f94d000)]
  0x00007fd418df5000 JavaThread "flink-metrics-akka.actor.internal-dispatcher-4" [_thread_blocked, id=80643, stack(0x000000030f950000,0x000000030fa50000)]
  0x00007fd418df6000 JavaThread "flink-metrics-akka.actor.internal-dispatcher-5" [_thread_blocked, id=79875, stack(0x000000030fa53000,0x000000030fb53000)]
  0x00007fd41e0f3800 JavaThread "flink-metrics-6" [_thread_blocked, id=47619, stack(0x000000030fb56000,0x000000030fc56000)]
  0x00007fd41f289000 JavaThread "flink-metrics-akka.actor.supervisor-dispatcher-7" [_thread_blocked, id=48387, stack(0x000000030fc59000,0x000000030fd59000)]
  0x00007fd418e05800 JavaThread "ForkJoinPool.commonPool-worker-3" daemon [_thread_blocked, id=78595, stack(0x000000030fd5c000,0x000000030fe5c000)]
  0x00007fd418e13000 JavaThread "Timer-0" daemon [_thread_blocked, id=78339, stack(0x000000030fe5f000,0x000000030ff5f000)]
  0x00007fd418e13800 JavaThread "BLOB Server listener at 61528" daemon [_thread_in_native, id=50435, stack(0x000000030ff62000,0x0000000310062000)]
  0x00007fd41969b000 JavaThread "Timer-1" daemon [_thread_blocked, id=50947, stack(0x0000000310065000,0x0000000310165000)]
  0x00007fd418dec000 JavaThread "Timer-2" daemon [_thread_blocked, id=77315, stack(0x0000000310168000,0x0000000310268000)]
  0x00007fd41ed4d800 JavaThread "IOManager writer thread #1" daemon [_thread_blocked, id=76803, stack(0x000000031026b000,0x000000031036b000)]
  0x00007fd418e0c000 JavaThread "IOManager reader thread #1" daemon [_thread_blocked, id=51971, stack(0x000000031036e000,0x000000031046e000)]
  0x00007fd41b903000 JavaThread "flink-rest-server-netty-boss-thread-1" daemon [_thread_in_native, id=52739, stack(0x0000000310471000,0x0000000310571000)]
  0x00007fd41b91e000 JavaThread "mini-cluster-io-thread-1" daemon [_thread_blocked, id=53507, stack(0x0000000310574000,0x0000000310674000)]
  0x00007fd418e1a800 JavaThread "Flink-DispatcherRestEndpoint-thread-1" daemon [_thread_blocked, id=54019, stack(0x0000000310677000,0x0000000310777000)]
  0x00007fd41ecd0800 JavaThread "mini-cluster-io-thread-2" daemon [_thread_blocked, id=75011, stack(0x000000031077a000,0x000000031087a000)]
  0x00007fd41f380000 JavaThread "mini-cluster-io-thread-3" daemon [_thread_blocked, id=74499, stack(0x000000031087d000,0x000000031097d000)]
  0x00007fd41f7ff000 JavaThread "pool-2-thread-1" [_thread_blocked, id=73987, stack(0x0000000310980000,0x0000000310a80000)]
  0x00007fd41e3ba000 JavaThread "mini-cluster-io-thread-4" daemon [_thread_blocked, id=73475, stack(0x0000000310a83000,0x0000000310b83000)]
  0x00007fd41f381000 JavaThread "flink-akka.actor.default-dispatcher-6" [_thread_blocked, id=72707, stack(0x0000000310b86000,0x0000000310c86000)]
  0x00007fd41f7fd000 JavaThread "flink-akka.actor.default-dispatcher-7" [_thread_blocked, id=56835, stack(0x0000000310c89000,0x0000000310d89000)]
  0x00007fd41c0d2800 JavaThread "ForkJoinPool.commonPool-worker-5" daemon [_thread_blocked, id=57095, stack(0x0000000310d8c000,0x0000000310e8c000)]
  0x00007fd419695800 JavaThread "ForkJoinPool.commonPool-worker-7" daemon [_thread_blocked, id=71171, stack(0x0000000310e8f000,0x0000000310f8f000)]
  0x00007fd41e139000 JavaThread "ForkJoinPool.commonPool-worker-9" daemon [_thread_blocked, id=58371, stack(0x0000000310f92000,0x0000000311092000)]
  0x00007fd41e3fb800 JavaThread "flink-akka.actor.default-dispatcher-8" [_thread_blocked, id=70403, stack(0x0000000311095000,0x0000000311195000)]
  0x00007fd41bf0f000 JavaThread "jobmanager-io-thread-1" daemon [_thread_blocked, id=69891, stack(0x0000000311198000,0x0000000311298000)]
  0x00007fd41e21a000 JavaThread "ForkJoinPool.commonPool-worker-11" daemon [_thread_blocked, id=69635, stack(0x000000031129b000,0x000000031139b000)]
  0x00007fd419629800 JavaThread "ForkJoinPool.commonPool-worker-13" daemon [_thread_blocked, id=61699, stack(0x00000003115a4000,0x00000003116a4000)]
  0x00007fd41c10d800 JavaThread "ForkJoinPool.commonPool-worker-15" daemon [_thread_blocked, id=68099, stack(0x00000003116a7000,0x00000003117a7000)]
  0x00007fd41ac6b800 JavaThread "jobmanager-future-thread-1" daemon [_thread_blocked, id=67075, stack(0x00000003117aa000,0x00000003118aa000)]
  0x00007fd41c1f2800 JavaThread "pool-1-thread-1" [_thread_blocked, id=66051, stack(0x00000003118ad000,0x00000003119ad000)]
  0x00007fd41bfa6000 JavaThread "jobmanager-future-thread-2" daemon [_thread_blocked, id=65539, stack(0x00000003119b0000,0x0000000311ab0000)]
  0x00007fd4196a0800 JavaThread "jobmanager-future-thread-3" daemon [_thread_blocked, id=62723, stack(0x0000000311ab3000,0x0000000311bb3000)]
  0x00007fd41e5f8000 JavaThread "jobmanager-future-thread-4" daemon [_thread_blocked, id=63007, stack(0x0000000311bb6000,0x0000000311cb6000)]
  0x00007fd41aee4800 JavaThread "jobmanager-future-thread-5" daemon [_thread_blocked, id=64003, stack(0x0000000311cb9000,0x0000000311db9000)]
  0x00007fd428068800 JavaThread "jobmanager-future-thread-6" daemon [_thread_blocked, id=87811, stack(0x0000000311dbc000,0x0000000311ebc000)]
  0x00007fd428069800 JavaThread "jobmanager-future-thread-7" daemon [_thread_blocked, id=174095, stack(0x0000000311ebf000,0x0000000311fbf000)]
  0x00007fd41c22f800 JavaThread "jobmanager-future-thread-8" daemon [_thread_blocked, id=88579, stack(0x0000000311fc2000,0x00000003120c2000)]
  0x00007fd41c230800 JavaThread "Flink-MetricRegistry-thread-1" daemon [_thread_blocked, id=173315, stack(0x00000003120c5000,0x00000003121c5000)]
  0x00007fd42806a800 JavaThread "IterationSource-18 (1/2)#0" [_thread_blocked, id=172291, stack(0x00000003121c8000,0x00000003122c8000)]
  0x00007fd41e5f9000 JavaThread "IterationSource-18 (2/2)#0" [_thread_blocked, id=171523, stack(0x00000003122cb000,0x00000003123cb000)]
  0x00007fd42806b000 JavaThread "CloseableReaperThread" daemon [_thread_blocked, id=171011, stack(0x00000003123ce000,0x00000003124ce000)]
  0x00007fd42806c000 JavaThread "IterationSource-12 (2/2)#0" [_thread_blocked, id=90883, stack(0x00000003124d1000,0x00000003125d1000)]
  0x00007fd41bfaf000 JavaThread "IterationSource-12 (1/2)#0" [_thread_blocked, id=169219, stack(0x00000003125d4000,0x00000003126d4000)]
  0x00007fd41c224800 JavaThread "IterationSource-6 (1/2)#0" [_thread_blocked, id=168963, stack(0x00000003126d7000,0x00000003127d7000)]
  0x00007fd42806e800 JavaThread "IterationSource-6 (2/2)#0" [_thread_blocked, id=92419, stack(0x00000003127da000,0x00000003128da000)]
  0x00007fd41c235800 JavaThread "Source: Socket Stream -> Source Reader Mapper -> Map (1/1)#0" [_thread_blocked, id=167683, stack(0x00000003128dd000,0x00000003129dd000)]
  0x00007fd41e601800 JavaThread "OutputFlusher for Source: Socket Stream -> Source Reader Mapper -> Map" daemon [_thread_blocked, id=167171, stack(0x00000003129e0000,0x0000000312ae0000)]
  0x00007fd41bfb0000 JavaThread "Map (1/2)#0" [_thread_blocked, id=165891, stack(0x0000000312ae3000,0x0000000312be3000)]
  0x00007fd41bfff000 JavaThread "OutputFlusher for Map" daemon [_thread_blocked, id=165383, stack(0x0000000312be6000,0x0000000312ce6000)]
  0x00007fd41bfbb800 JavaThread "Map (2/2)#0" [_thread_blocked, id=93955, stack(0x0000000312ce9000,0x0000000312de9000)]
  0x00007fd41c223800 JavaThread "OutputFlusher for Map" daemon [_thread_blocked, id=164355, stack(0x0000000312dec000,0x0000000312eec000)]
  0x00007fd41bfbe800 JavaThread "Process -> (Filter, Filter) (1/2)#0" [_thread_blocked, id=94979, stack(0x0000000312eef000,0x0000000312fef000)]
  0x00007fd42807d000 JavaThread "OutputFlusher for Process -> (Filter, Filter)" daemon [_thread_blocked, id=163331, stack(0x0000000312ff2000,0x00000003130f2000)]
  0x00007fd41e7fc800 JavaThread "OutputFlusher for Process -> (Filter, Filter)" daemon [_thread_blocked, id=162563, stack(0x00000003130f5000,0x00000003131f5000)]
  0x00007fd428073800 JavaThread "Process -> (Filter, Filter) (2/2)#0" [_thread_blocked, id=161795, stack(0x00000003131f8000,0x00000003132f8000)]
  0x00007fd41bffb800 JavaThread "IterationSink-6 (1/2)#0" [_thread_blocked, id=162427, stack(0x00000003132fb000,0x00000003133fb000)]
  0x00007fd41bfc1000 JavaThread "IterationSink-6 (2/2)#0" [_thread_blocked, id=97287, stack(0x00000003133fe000,0x00000003134fe000)]
  0x00007fd41c23c800 JavaThread "OutputFlusher for Process -> (Filter, Filter)" daemon [_thread_blocked, id=98311, stack(0x0000000313501000,0x0000000313601000)]
  0x00007fd3eecd1000 JavaThread "OutputFlusher for Process -> (Filter, Filter)" daemon [_thread_blocked, id=158727, stack(0x0000000313604000,0x0000000313704000)]
  0x00007fd3ee01e000 JavaThread "Process -> (Filter, Filter) (1/2)#0" [_thread_blocked, id=159239, stack(0x0000000313707000,0x0000000313807000)]
  0x00007fd3ee01a800 JavaThread "OutputFlusher for Process -> (Filter, Filter)" daemon [_thread_blocked, id=97031, stack(0x000000031380a000,0x000000031390a000)]
  0x00007fd3eecd0800 JavaThread "Process -> (Filter, Filter) (2/2)#0" [_thread_blocked, id=98823, stack(0x000000031390d000,0x0000000313a0d000)]
  0x00007fd3eecd5000 JavaThread "OutputFlusher for Process -> (Filter, Filter)" daemon [_thread_blocked, id=158551, stack(0x0000000313a10000,0x0000000313b10000)]
=>0x00007fd41c357000 JavaThread "Legacy Source Thread - Source: Socket Stream -> Source Reader Mapper -> Map (1/1)#0" [_thread_in_native, id=157447, stack(0x0000000313b13000,0x0000000313c13000)]
  0x00007fd3ee18c000 JavaThread "OutputFlusher for Process -> (Filter, Filter)" daemon [_thread_blocked, id=155651, stack(0x0000000313c16000,0x0000000313d16000)]
  0x00007fd3eecd2000 JavaThread "OutputFlusher for Process -> (Filter, Filter)" daemon [_thread_blocked, id=101123, stack(0x0000000314125000,0x0000000314225000)]
  0x00007fd428228800 JavaThread "IterationSink-12 (1/2)#0" [_thread_blocked, id=152067, stack(0x0000000314228000,0x0000000314328000)]
  0x00007fd3ee18d000 JavaThread "System Time Trigger for IterationSink-6 (1/2)#0" daemon [_thread_blocked, id=100663, stack(0x0000000313d19000,0x0000000313e19000)]
  0x00007fd4280df800 JavaThread "System Time Trigger for Map (2/2)#0" daemon [_thread_blocked, id=100147, stack(0x0000000313e1c000,0x0000000313f1c000)]
  0x00007fd3ee192000 JavaThread "System Time Trigger for Map (1/2)#0" daemon [_thread_blocked, id=102915, stack(0x0000000313f1f000,0x000000031401f000)]
  0x00007fd41bfbf000 JavaThread "System Time Trigger for IterationSink-6 (2/2)#0" daemon [_thread_blocked, id=150531, stack(0x0000000314022000,0x0000000314122000)]
  0x00007fd41bfc0000 JavaThread "IterationSink-12 (2/2)#0" [_thread_blocked, id=104195, stack(0x000000031432b000,0x000000031442b000)]
  0x00007fd41bfbc800 JavaThread "Process -> (Filter, Filter) (1/2)#0" [_thread_blocked, id=152839, stack(0x000000031442e000,0x000000031452e000)]
  0x00007fd41c37b000 JavaThread "OutputFlusher for Process -> (Filter, Filter)" daemon [_thread_blocked, id=150275, stack(0x0000000314531000,0x0000000314631000)]
  0x00007fd41c375800 JavaThread "OutputFlusher for Process -> (Filter, Filter)" daemon [_thread_blocked, id=149763, stack(0x0000000314634000,0x0000000314734000)]
  0x00007fd41c359000 JavaThread "Process -> (Filter, Filter) (2/2)#0" [_thread_blocked, id=105731, stack(0x000000031493d000,0x0000000314a3d000)]
  0x00007fd3ee177800 JavaThread "System Time Trigger for IterationSink-12 (1/2)#0" daemon [_thread_blocked, id=107779, stack(0x0000000314b43000,0x0000000314c43000)]
  0x00007fd3ee178000 JavaThread "System Time Trigger for IterationSink-12 (2/2)#0" daemon [_thread_blocked, id=148999, stack(0x0000000314c46000,0x0000000314d46000)]
  0x00007fd41bfbd800 JavaThread "System Time Trigger for Process -> (Filter, Filter) (2/2)#0" daemon [_thread_blocked, id=146815, stack(0x000000031483a000,0x000000031493a000)]
  0x00007fd3fe011000 JavaThread "System Time Trigger for Process -> (Filter, Filter) (1/2)#0" daemon [_thread_blocked, id=146179, stack(0x0000000314d49000,0x0000000314e49000)]
  0x00007fd41c358000 JavaThread "OutputFlusher for Process -> (Filter, Filter)" daemon [_thread_blocked, id=106503, stack(0x0000000314737000,0x0000000314837000)]
  0x00007fd3ee13b000 JavaThread "OutputFlusher for Process -> (Filter, Filter)" daemon [_thread_blocked, id=104971, stack(0x0000000314a40000,0x0000000314b40000)]
  0x00007fd4280e0800 JavaThread "IterationSink-18 (2/2)#0" [_thread_blocked, id=109827, stack(0x0000000314f4f000,0x000000031504f000)]
  0x00007fd3eece8800 JavaThread "System Time Trigger for Process -> (Filter, Filter) (1/2)#0" daemon [_thread_blocked, id=144643, stack(0x0000000315052000,0x0000000315152000)]
  0x00007fd428222000 JavaThread "IterationSink-18 (1/2)#0" [_thread_blocked, id=149259, stack(0x0000000315155000,0x0000000315255000)]
  0x00007fd3ee13e000 JavaThread "Map (1/2)#0" [_thread_blocked, id=111107, stack(0x0000000315258000,0x0000000315358000)]
  0x00007fd3eecd6000 JavaThread "System Time Trigger for Process -> (Filter, Filter) (2/2)#0" daemon [_thread_blocked, id=111363, stack(0x000000031535b000,0x000000031545b000)]
  0x00007fd42806d000 JavaThread "System Time Trigger for IterationSink-18 (2/2)#0" daemon [_thread_blocked, id=143779, stack(0x0000000314e4c000,0x0000000314f4c000)]
  0x00007fd428087800 JavaThread "Map (2/2)#0" [_thread_blocked, id=112899, stack(0x000000031545e000,0x000000031555e000)]
  0x00007fd3ee187800 JavaThread "System Time Trigger for Process -> (Filter, Filter) (1/2)#0" daemon [_thread_blocked, id=142611, stack(0x0000000315664000,0x0000000315764000)]
  0x00007fd3eecf3800 JavaThread "System Time Trigger for IterationSink-18 (1/2)#0" daemon [_thread_blocked, id=107279, stack(0x0000000315561000,0x0000000315661000)]
  0x00007fd428089800 JavaThread "System Time Trigger for Process -> (Filter, Filter) (2/2)#0" daemon [_thread_blocked, id=115203, stack(0x0000000315a70000,0x0000000315b70000)]
  0x00007fd42808a800 JavaThread "System Time Trigger for Map (1/2)#0" daemon [_thread_blocked, id=140291, stack(0x0000000315b73000,0x0000000315c73000)]
  0x00007fd3ee188000 JavaThread "System Time Trigger for Map (2/2)#0" daemon [_thread_blocked, id=141831, stack(0x0000000315767000,0x0000000315867000)]

Other Threads:
  0x00007fd41e8b5800 VMThread "VM Thread" [stack: 0x000000030d84e000,0x000000030d94e000] [id=15107]
  0x00007fd41f897800 WatcherThread [stack: 0x000000030e176000,0x000000030e276000] [id=26427]
  0x00007fd41f80e800 GCTaskThread "GC Thread#0" [stack: 0x000000030d33f000,0x000000030d43f000] [id=13827]
  0x00007fd41ee47000 GCTaskThread "GC Thread#1" [stack: 0x000000030e37c000,0x000000030e47c000] [id=27707]
  0x00007fd41ea07800 GCTaskThread "GC Thread#2" [stack: 0x000000030e47f000,0x000000030e57f000] [id=27907]
  0x00007fd41ec75000 GCTaskThread "GC Thread#3" [stack: 0x000000030e582000,0x000000030e682000] [id=28163]
  0x00007fd41f8ce000 GCTaskThread "GC Thread#4" [stack: 0x000000030e685000,0x000000030e785000] [id=37379]
  0x00007fd41ea12000 GCTaskThread "GC Thread#5" [stack: 0x000000030e788000,0x000000030e888000] [id=28419]
  0x00007fd41a7fd800 GCTaskThread "GC Thread#6" [stack: 0x000000031139e000,0x000000031149e000] [id=60947]
  0x00007fd41a7fe800 GCTaskThread "GC Thread#7" [stack: 0x00000003114a1000,0x00000003115a1000] [id=68867]
  0x00007fd41f863000 ConcurrentGCThread "G1 Main Marker" [stack: 0x000000030d442000,0x000000030d542000] [id=14339]
  0x00007fd41f864000 ConcurrentGCThread "G1 Conc#0" [stack: 0x000000030d545000,0x000000030d645000] [id=19459]
  0x00007fd41ee3b800 ConcurrentGCThread "G1 Conc#1" [stack: 0x000000030f035000,0x000000030f135000] [id=86283]
  0x00007fd41e85a000 ConcurrentGCThread "G1 Refine#0" [stack: 0x000000030d648000,0x000000030d748000] [id=18947]
  0x00007fd41e85b000 ConcurrentGCThread "G1 Young RemSet Sampling" [stack: 0x000000030d74b000,0x000000030d84b000] [id=18435]

Threads with active compile tasks:

VM state:not at safepoint (normal execution)

VM Mutex/Monitor currently owned by a thread: None

Heap:
 garbage-first heap   total 327680K, used 81867K [0x0000007000000000, 0x0000008000000000)
  region size 16384K, 5 young (81920K), 1 survivors (16384K)
 Metaspace       used 59191K, capacity 60580K, committed 60672K, reserved 61440K
Heap Regions: E=young(eden), S=young(survivor), O=old, HS=humongous(starts), HC=humongous(continues), CS=collection set, F=free, A=archive, TAMS=top-at-mark-start (previous, next)
|   0|0x0000007000000000, 0x0000007001000000, 0x0000007001000000|100%| O|  |TAMS 0x0000007000933400, 0x0000007000000000| Untracked 
|   1|0x0000007001000000, 0x0000007001145c00, 0x0000007002000000|  7%| O|  |TAMS 0x0000007001000000, 0x0000007001000000| Untracked 
|   2|0x0000007002000000, 0x0000007002000000, 0x0000007003000000|  0%| F|  |TAMS 0x0000007002000000, 0x0000007002000000| Untracked 
|   3|0x0000007003000000, 0x0000007003000000, 0x0000007004000000|  0%| F|  |TAMS 0x0000007003000000, 0x0000007003000000| Untracked 
|   4|0x0000007004000000, 0x0000007004000000, 0x0000007005000000|  0%| F|  |TAMS 0x0000007004000000, 0x0000007004000000| Untracked 
|   5|0x0000007005000000, 0x0000007005000000, 0x0000007006000000|  0%| F|  |TAMS 0x0000007005000000, 0x0000007005000000| Untracked 
|   6|0x0000007006000000, 0x0000007006ead398, 0x0000007007000000| 91%| S|CS|TAMS 0x0000007006000000, 0x0000007006000000| Complete 
|   7|0x0000007007000000, 0x0000007007000000, 0x0000007008000000|  0%| F|  |TAMS 0x0000007007000000, 0x0000007007000000| Untracked 
|   8|0x0000007008000000, 0x0000007008000000, 0x0000007009000000|  0%| F|  |TAMS 0x0000007008000000, 0x0000007008000000| Untracked 
|   9|0x0000007009000000, 0x0000007009000000, 0x000000700a000000|  0%| F|  |TAMS 0x0000007009000000, 0x0000007009000000| Untracked 
|  10|0x000000700a000000, 0x000000700a000000, 0x000000700b000000|  0%| F|  |TAMS 0x000000700a000000, 0x000000700a000000| Untracked 
|  11|0x000000700b000000, 0x000000700b000000, 0x000000700c000000|  0%| F|  |TAMS 0x000000700b000000, 0x000000700b000000| Untracked 
|  12|0x000000700c000000, 0x000000700c000000, 0x000000700d000000|  0%| F|  |TAMS 0x000000700c000000, 0x000000700c000000| Untracked 
|  13|0x000000700d000000, 0x000000700d000000, 0x000000700e000000|  0%| F|  |TAMS 0x000000700d000000, 0x000000700d000000| Untracked 
|  14|0x000000700e000000, 0x000000700e000000, 0x000000700f000000|  0%| F|  |TAMS 0x000000700e000000, 0x000000700e000000| Untracked 
|  15|0x000000700f000000, 0x000000700f000000, 0x0000007010000000|  0%| F|  |TAMS 0x000000700f000000, 0x000000700f000000| Untracked 
|  16|0x0000007010000000, 0x000000701004b658, 0x0000007011000000|  1%| E|  |TAMS 0x0000007010000000, 0x0000007010000000| Complete 
|  17|0x0000007011000000, 0x0000007012000000, 0x0000007012000000|100%| E|CS|TAMS 0x0000007011000000, 0x0000007011000000| Complete 
|  18|0x0000007012000000, 0x0000007013000000, 0x0000007013000000|100%| E|CS|TAMS 0x0000007012000000, 0x0000007012000000| Complete 
|  19|0x0000007013000000, 0x0000007014000000, 0x0000007014000000|100%| E|CS|TAMS 0x0000007013000000, 0x0000007013000000| Complete 

Card table byte_map: [0x00000001329da000,0x000000013a9da000] _byte_map_base: 0x00000000fa9da000

Marking Bits (Prev, Next): (CMBitMap*) 0x00007fd41f810e50, (CMBitMap*) 0x00007fd41f810e18
 Prev Bits: [0x00000001829da000, 0x00000001c29da000)
 Next Bits: [0x00000001429da000, 0x00000001829da000)

Polling page: 0x0000000104768000

Metaspace:

Usage:
   59.16 MB capacity,    57.80 MB ( 98%) used,     1.08 MB (  2%) free+waste,   283.56 KB ( <1%) overhead. 

Virtual space:
     60.00 MB reserved,      59.25 MB ( 99%) committed 

Chunk freelists:
4.00 KB

MaxMetaspaceSize: unlimited
No class space
Initial GC threshold: 20.80 MB
Current GC threshold: 98.34 MB
CDS: off

CodeHeap 'non-profiled nmethods': size=120032Kb used=2125Kb max_used=2125Kb free=117906Kb
 bounds [0x00000001233b7000, 0x0000000123627000, 0x000000012a8ef000]
CodeHeap 'profiled nmethods': size=120028Kb used=7956Kb max_used=7956Kb free=112071Kb
 bounds [0x000000011be80000, 0x000000011c650000, 0x00000001233b7000]
CodeHeap 'non-nmethods': size=5700Kb used=1781Kb max_used=1816Kb free=3918Kb
 bounds [0x000000011b8ef000, 0x000000011bb5f000, 0x000000011be80000]
 total_blobs=5017 nmethods=3812 adapters=1118
 compilation: enabled
              stopped_count=0, restarted_count=0
 full_count=0

Compilation events (20 events):
Event: 19.379 Thread 0x00007fd41f86d800 3803       4       java.lang.invoke.MethodType$ConcurrentWeakInternSet::expungeStaleElements (27 bytes)
Event: 19.387 Thread 0x00007fd41f86d800 nmethod 3803 0x00000001235c5e90 code [0x00000001235c6060, 0x00000001235c6d08]
Event: 19.387 Thread 0x00007fd41f86d800 3802       4       java.lang.invoke.MethodType$ConcurrentWeakInternSet$WeakEntry::<init> (14 bytes)
Event: 19.390 Thread 0x00007fd41f86d800 nmethod 3802 0x00000001235c6f90 code [0x00000001235c7140, 0x00000001235c7498]
Event: 19.390 Thread 0x00007fd41f86d800 3806       4       jdk.internal.loader.URLClassPath::findResource (38 bytes)
Event: 19.423 Thread 0x00007fd41f86d800 nmethod 3806 0x00000001235c7690 code [0x00000001235c7960, 0x00000001235c9600]
Event: 19.484 Thread 0x00007fd41f870800 3807       3       java.util.concurrent.locks.ReentrantLock::lockInterruptibly (9 bytes)
Event: 19.484 Thread 0x00007fd41f870800 nmethod 3807 0x000000011c640490 code [0x000000011c6406a0, 0x000000011c640ad0]
Event: 19.484 Thread 0x00007fd41f870800 3808       3       java.util.concurrent.locks.AbstractQueuedSynchronizer$ConditionObject::doSignal (43 bytes)
Event: 19.485 Thread 0x00007fd41f870800 nmethod 3808 0x000000011c640c90 code [0x000000011c640e60, 0x000000011c6411a0]
Event: 19.520 Thread 0x00007fd41f870800 3809   !   3       org.apache.flink.runtime.io.network.partition.PipelinedSubpartition::flush (125 bytes)
Event: 19.521 Thread 0x00007fd41f870800 nmethod 3809 0x000000011c641310 code [0x000000011c6415c0, 0x000000011c642660]
Event: 19.525 Thread 0x00007fd41f870800 3810       3       java.util.ArrayDeque::dec (13 bytes)
Event: 19.525 Thread 0x00007fd41f870800 nmethod 3810 0x000000011c642d90 code [0x000000011c642f40, 0x000000011c643050]
Event: 19.526 Thread 0x00007fd41f870800 3811       3       org.apache.flink.streaming.runtime.tasks.mailbox.TaskMailboxImpl::checkIsMailboxThread (18 bytes)
Event: 19.526 Thread 0x00007fd41f870800 nmethod 3811 0x000000011c643110 code [0x000000011c6432e0, 0x000000011c6435c0]
Event: 19.526 Thread 0x00007fd41f870800 3812       3       java.util.concurrent.locks.LockSupport::parkNanos (29 bytes)
Event: 19.526 Thread 0x00007fd41f870800 nmethod 3812 0x000000011c643710 code [0x000000011c6438e0, 0x000000011c643be0]
Event: 19.605 Thread 0x00007fd41f870800 3813   !   3       java.util.concurrent.locks.AbstractQueuedSynchronizer::acquireQueued (74 bytes)
Event: 19.606 Thread 0x00007fd41f870800 nmethod 3813 0x000000011c643d10 code [0x000000011c643fc0, 0x000000011c644c20]

GC Heap History (18 events):
Event: 0.379 GC heap before
{Heap before GC invocations=0 (full 0):
 garbage-first heap   total 262144K, used 16384K [0x0000007000000000, 0x0000008000000000)
  region size 16384K, 1 young (16384K), 0 survivors (0K)
 Metaspace       used 8006K, capacity 8042K, committed 8192K, reserved 8192K
}
Event: 0.385 GC heap after
{Heap after GC invocations=1 (full 0):
 garbage-first heap   total 262144K, used 9437K [0x0000007000000000, 0x0000008000000000)
  region size 16384K, 1 young (16384K), 1 survivors (16384K)
 Metaspace       used 8006K, capacity 8042K, committed 8192K, reserved 8192K
}
Event: 0.767 GC heap before
{Heap before GC invocations=1 (full 0):
 garbage-first heap   total 262144K, used 9437K [0x0000007000000000, 0x0000008000000000)
  region size 16384K, 2 young (32768K), 1 survivors (16384K)
 Metaspace       used 12653K, capacity 12906K, committed 13056K, reserved 14336K
}
Event: 0.776 GC heap after
{Heap after GC invocations=2 (full 0):
 garbage-first heap   total 262144K, used 10714K [0x0000007000000000, 0x0000008000000000)
  region size 16384K, 1 young (16384K), 1 survivors (16384K)
 Metaspace       used 12653K, capacity 12906K, committed 13056K, reserved 14336K
}
Event: 1.148 GC heap before
{Heap before GC invocations=2 (full 0):
 garbage-first heap   total 262144K, used 59866K [0x0000007000000000, 0x0000008000000000)
  region size 16384K, 4 young (65536K), 1 survivors (16384K)
 Metaspace       used 16883K, capacity 17116K, committed 17408K, reserved 18432K
}
Event: 1.151 GC heap after
{Heap after GC invocations=3 (full 0):
 garbage-first heap   total 262144K, used 10887K [0x0000007000000000, 0x0000008000000000)
  region size 16384K, 1 young (16384K), 1 survivors (16384K)
 Metaspace       used 16883K, capacity 17116K, committed 17408K, reserved 18432K
}
Event: 9.433 GC heap before
{Heap before GC invocations=3 (full 0):
 garbage-first heap   total 262144K, used 141959K [0x0000007000000000, 0x0000008000000000)
  region size 16384K, 9 young (147456K), 1 survivors (16384K)
 Metaspace       used 17413K, capacity 17633K, committed 17920K, reserved 18432K
}
Event: 9.437 GC heap after
{Heap after GC invocations=4 (full 0):
 garbage-first heap   total 262144K, used 11414K [0x0000007000000000, 0x0000008000000000)
  region size 16384K, 1 young (16384K), 1 survivors (16384K)
 Metaspace       used 17413K, capacity 17633K, committed 17920K, reserved 18432K
}
Event: 9.938 GC heap before
{Heap before GC invocations=4 (full 0):
 garbage-first heap   total 262144K, used 44182K [0x0000007000000000, 0x0000008000000000)
  region size 16384K, 4 young (65536K), 1 survivors (16384K)
 Metaspace       used 20640K, capacity 20837K, committed 21248K, reserved 22528K
}
Event: 9.941 GC heap after
{Heap after GC invocations=5 (full 0):
 garbage-first heap   total 262144K, used 12136K [0x0000007000000000, 0x0000008000000000)
  region size 16384K, 1 young (16384K), 1 survivors (16384K)
 Metaspace       used 20640K, capacity 20837K, committed 21248K, reserved 22528K
}
Event: 11.335 GC heap before
{Heap before GC invocations=6 (full 0):
 garbage-first heap   total 262144K, used 110440K [0x0000007000000000, 0x0000008000000000)
  region size 16384K, 8 young (131072K), 1 survivors (16384K)
 Metaspace       used 35247K, capacity 35698K, committed 35840K, reserved 36864K
}
Event: 11.342 GC heap after
{Heap after GC invocations=7 (full 0):
 garbage-first heap   total 262144K, used 18035K [0x0000007000000000, 0x0000008000000000)
  region size 16384K, 1 young (16384K), 1 survivors (16384K)
 Metaspace       used 35247K, capacity 35698K, committed 35840K, reserved 36864K
}
Event: 17.778 GC heap before
{Heap before GC invocations=8 (full 0):
 garbage-first heap   total 262144K, used 149107K [0x0000007000000000, 0x0000008000000000)
  region size 16384K, 9 young (147456K), 1 survivors (16384K)
 Metaspace       used 52635K, capacity 53733K, committed 54016K, reserved 55296K
}
Event: 17.804 GC heap after
{Heap after GC invocations=9 (full 0):
 garbage-first heap   total 262144K, used 26500K [0x0000007000000000, 0x0000008000000000)
  region size 16384K, 2 young (32768K), 2 survivors (32768K)
 Metaspace       used 52635K, capacity 53733K, committed 54016K, reserved 55296K
}
Event: 18.665 GC heap before
{Heap before GC invocations=9 (full 0):
 garbage-first heap   total 262144K, used 75652K [0x0000007000000000, 0x0000008000000000)
  region size 16384K, 6 young (98304K), 2 survivors (32768K)
 Metaspace       used 58789K, capacity 60088K, committed 60160K, reserved 61440K
}
Event: 18.691 GC heap after
{Heap after GC invocations=10 (full 0):
 garbage-first heap   total 262144K, used 31085K [0x0000007000000000, 0x0000008000000000)
  region size 16384K, 2 young (32768K), 2 survivors (32768K)
 Metaspace       used 58789K, capacity 60088K, committed 60160K, reserved 61440K
}
Event: 19.280 GC heap before
{Heap before GC invocations=11 (full 0):
 garbage-first heap   total 262144K, used 145773K [0x0000007000000000, 0x0000008000000000)
  region size 16384K, 9 young (147456K), 2 survivors (32768K)
 Metaspace       used 59166K, capacity 60503K, committed 60672K, reserved 61440K
}
Event: 19.306 GC heap after
{Heap after GC invocations=12 (full 0):
 garbage-first heap   total 327680K, used 32715K [0x0000007000000000, 0x0000008000000000)
  region size 16384K, 1 young (16384K), 1 survivors (16384K)
 Metaspace       used 59166K, capacity 60503K, committed 60672K, reserved 61440K
}

Deoptimization events (20 events):
Event: 19.191 Thread 0x00007fd41c357000 DEOPT PACKING pc=0x000000011c616ad7 sp=0x0000000313c106c0
Event: 19.191 Thread 0x00007fd41c357000 DEOPT UNPACKING pc=0x000000011b93962b sp=0x0000000313c0fb68 mode 0
Event: 19.238 Thread 0x00007fd41c357000 DEOPT PACKING pc=0x000000011c616ad7 sp=0x0000000313c106c0
Event: 19.238 Thread 0x00007fd41c357000 DEOPT UNPACKING pc=0x000000011b93962b sp=0x0000000313c0fb68 mode 0
Event: 19.310 Thread 0x00007fd4280df800 Uncommon trap: trap_request=0xffffff4d fr.pc=0x000000012355a358 relative=0x00000000000015f8
Event: 19.310 Thread 0x00007fd41bfbf000 Uncommon trap: trap_request=0xffffff4d fr.pc=0x000000012355a358 relative=0x00000000000015f8
Event: 19.311 Thread 0x00007fd3ee192000 Uncommon trap: trap_request=0xffffff4d fr.pc=0x000000012355a358 relative=0x00000000000015f8
Event: 19.311 Thread 0x00007fd4280df800 Uncommon trap: reason=unstable_if action=reinterpret pc=0x000000012355a358 method=java.lang.invoke.MethodType$ConcurrentWeakInternSet$WeakEntry.equals(Ljava/lang/Object;)Z @ 21 c2
Event: 19.311 Thread 0x00007fd3ee192000 Uncommon trap: reason=unstable_if action=reinterpret pc=0x000000012355a358 method=java.lang.invoke.MethodType$ConcurrentWeakInternSet$WeakEntry.equals(Ljava/lang/Object;)Z @ 21 c2
Event: 19.311 Thread 0x00007fd41bfbf000 Uncommon trap: reason=unstable_if action=reinterpret pc=0x000000012355a358 method=java.lang.invoke.MethodType$ConcurrentWeakInternSet$WeakEntry.equals(Ljava/lang/Object;)Z @ 21 c2
Event: 19.311 Thread 0x00007fd41bfbf000 DEOPT PACKING pc=0x000000012355a358 sp=0x00000003141208f0
Event: 19.311 Thread 0x00007fd4280df800 DEOPT PACKING pc=0x000000012355a358 sp=0x0000000313f1a8f0
Event: 19.311 Thread 0x00007fd41bfbf000 DEOPT UNPACKING pc=0x000000011b938e9f sp=0x00000003141207a8 mode 2
Event: 19.311 Thread 0x00007fd4280df800 DEOPT UNPACKING pc=0x000000011b938e9f sp=0x0000000313f1a7a8 mode 2
Event: 19.311 Thread 0x00007fd3ee192000 DEOPT PACKING pc=0x000000012355a358 sp=0x000000031401d8f0
Event: 19.311 Thread 0x00007fd3ee192000 DEOPT UNPACKING pc=0x000000011b938e9f sp=0x000000031401d7a8 mode 2
Event: 19.327 Thread 0x00007fd41c357000 DEOPT PACKING pc=0x000000011c616ad7 sp=0x0000000313c106c0
Event: 19.327 Thread 0x00007fd41c357000 DEOPT UNPACKING pc=0x000000011b93962b sp=0x0000000313c0fb68 mode 0
Event: 19.389 Thread 0x00007fd41c357000 DEOPT PACKING pc=0x000000011c616ad7 sp=0x0000000313c106c0
Event: 19.389 Thread 0x00007fd41c357000 DEOPT UNPACKING pc=0x000000011b93962b sp=0x0000000313c0fb68 mode 0

Classes redefined (0 events):
No events

Internal exceptions (20 events):
Event: 18.296 Thread 0x00007fd41f381000 Exception <a 'java/lang/NoSuchMethodError'{0x000000700d56c928}: 'java.lang.Object java.lang.invoke.DirectMethodHandle$Holder.invokeStatic(java.lang.Object, java.lang.Object, java.lang.Object, java.lang.Object, int, java.lang.Object)'> (0x000000700d56c928) thrown at [src/hotspot/share/interpreter/linkResolver.cpp, line 773]
Event: 18.300 Thread 0x00007fd41f381000 Exception <a 'java/lang/NoSuchMethodError'{0x000000700d575940}: 'java.lang.Object java.lang.invoke.Invokers$Holder.linkToTargetMethod(java.lang.Object, java.lang.Object, java.lang.Object, int, java.lang.Object, java.lang.Object)'> (0x000000700d575940) thrown at [src/hotspot/share/interpreter/linkResolver.cpp, line 773]
Event: 18.303 Thread 0x00007fd41f381000 Exception <a 'java/lang/NoSuchMethodError'{0x000000700d5864e0}: 'java.lang.Object java.lang.invoke.Invokers$Holder.linkToTargetMethod(java.lang.Object, java.lang.Object, int, java.lang.Object, java.lang.Object, java.lang.Object)'> (0x000000700d5864e0) thrown at [src/hotspot/share/interpreter/linkResolver.cpp, line 773]
Event: 18.314 Thread 0x00007fd42806e800 Exception <a 'java/lang/NoSuchMethodError'{0x000000700d5f5d98}: 'java.lang.Object java.lang.invoke.DirectMethodHandle$Holder.invokeSpecial(java.lang.Object, java.lang.Object, java.lang.Object, long)'> (0x000000700d5f5d98) thrown at [src/hotspot/share/interpreter/linkResolver.cpp, line 773]
Event: 18.315 Thread 0x00007fd41bfaf000 Exception <a 'java/lang/NoSuchMethodError'{0x000000700d628870}: 'java.lang.Object java.lang.invoke.DirectMethodHandle$Holder.invokeSpecial(java.lang.Object, java.lang.Object, java.lang.Object, long)'> (0x000000700d628870) thrown at [src/hotspot/share/interpreter/linkResolver.cpp, line 773]
Event: 18.315 Thread 0x00007fd41c235800 Exception <a 'java/lang/NoSuchMethodError'{0x000000700d6d8b08}: 'java.lang.Object java.lang.invoke.DirectMethodHandle$Holder.invokeSpecial(java.lang.Object, java.lang.Object, java.lang.Object, long)'> (0x000000700d6d8b08) thrown at [src/hotspot/share/interpreter/linkResolver.cpp, line 773]
Event: 18.315 Thread 0x00007fd41c224800 Exception <a 'java/lang/NoSuchMethodError'{0x000000700d6aa968}: 'java.lang.Object java.lang.invoke.DirectMethodHandle$Holder.invokeSpecial(java.lang.Object, java.lang.Object, java.lang.Object, long)'> (0x000000700d6aa968) thrown at [src/hotspot/share/interpreter/linkResolver.cpp, line 773]
Event: 18.315 Thread 0x00007fd42806c000 Exception <a 'java/lang/NoSuchMethodError'{0x000000700d671018}: 'java.lang.Object java.lang.invoke.DirectMethodHandle$Holder.invokeSpecial(java.lang.Object, java.lang.Object, java.lang.Object, long)'> (0x000000700d671018) thrown at [src/hotspot/share/interpreter/linkResolver.cpp, line 773]
Event: 18.315 Thread 0x00007fd42806a800 Exception <a 'java/lang/NoSuchMethodError'{0x000000700d67ca50}: 'java.lang.Object java.lang.invoke.DirectMethodHandle$Holder.invokeSpecial(java.lang.Object, java.lang.Object, java.lang.Object, long)'> (0x000000700d67ca50) thrown at [src/hotspot/share/interpreter/linkResolver.cpp, line 773]
Event: 18.453 Thread 0x00007fd41c224800 Exception <a 'java/lang/NoSuchMethodError'{0x000000700de79618}: 'long java.lang.invoke.DirectMethodHandle$Holder.invokeStatic(java.lang.Object)'> (0x000000700de79618) thrown at [src/hotspot/share/interpreter/linkResolver.cpp, line 773]
Event: 18.459 Thread 0x00007fd42806c000 Exception <a 'java/lang/NoSuchMethodError'{0x000000700dec62a0}: 'java.lang.Object java.lang.invoke.DirectMethodHandle$Holder.invokeStaticInit(java.lang.Object, java.lang.Object, java.lang.Object, java.lang.Object, java.lang.Object, java.lang.Object)'> (0x000000700dec62a0) thrown at [src/hotspot/share/interpreter/linkResolver.cpp, line 773]
Event: 18.459 Thread 0x00007fd41e5f9000 Exception <a 'java/lang/NoSuchMethodError'{0x000000700da58a20}: 'java.lang.Object java.lang.invoke.DirectMethodHandle$Holder.invokeStaticInit(java.lang.Object, java.lang.Object, java.lang.Object, java.lang.Object, java.lang.Object, java.lang.Object)'> (0x000000700da58a20) thrown at [src/hotspot/share/interpreter/linkResolver.cpp, line 773]
Event: 18.459 Thread 0x00007fd42806e800 Exception <a 'java/lang/NoSuchMethodError'{0x000000700dd51a60}: 'java.lang.Object java.lang.invoke.DirectMethodHandle$Holder.invokeStaticInit(java.lang.Object, java.lang.Object, java.lang.Object, java.lang.Object, java.lang.Object, java.lang.Object)'> (0x000000700dd51a60) thrown at [src/hotspot/share/interpreter/linkResolver.cpp, line 773]
Event: 18.459 Thread 0x00007fd42806a800 Exception <a 'java/lang/NoSuchMethodError'{0x000000700dcb5308}: 'java.lang.Object java.lang.invoke.DirectMethodHandle$Holder.invokeStaticInit(java.lang.Object, java.lang.Object, java.lang.Object, java.lang.Object, java.lang.Object, java.lang.Object)'> (0x000000700dcb5308) thrown at [src/hotspot/share/interpreter/linkResolver.cpp, line 773]
Event: 18.459 Thread 0x00007fd41c224800 Exception <a 'java/lang/NoSuchMethodError'{0x000000700de80448}: 'java.lang.Object java.lang.invoke.DirectMethodHandle$Holder.invokeStaticInit(java.lang.Object, java.lang.Object, java.lang.Object, java.lang.Object, java.lang.Object, java.lang.Object)'> (0x000000700de80448) thrown at [src/hotspot/share/interpreter/linkResolver.cpp, line 773]
Event: 18.459 Thread 0x00007fd41bfaf000 Exception <a 'java/lang/NoSuchMethodError'{0x000000700dd04ff0}: 'java.lang.Object java.lang.invoke.DirectMethodHandle$Holder.invokeStaticInit(java.lang.Object, java.lang.Object, java.lang.Object, java.lang.Object, java.lang.Object, java.lang.Object)'> (0x000000700dd04ff0) thrown at [src/hotspot/share/interpreter/linkResolver.cpp, line 773]
Event: 18.554 Thread 0x00007fd41c235800 Exception <a 'java/lang/NoSuchMethodError'{0x000000700c32d088}: 'java.lang.Object java.lang.invoke.DirectMethodHandle$Holder.invokeStaticInit(java.lang.Object, java.lang.Object, java.lang.Object, java.lang.Object)'> (0x000000700c32d088) thrown at [src/hotspot/share/interpreter/linkResolver.cpp, line 773]
Event: 19.308 Thread 0x00007fd41bfbf000 Implicit null exception at 0x0000000123559227 to 0x000000012355a334
Event: 19.308 Thread 0x00007fd4280df800 Implicit null exception at 0x0000000123559227 to 0x000000012355a334
Event: 19.308 Thread 0x00007fd3ee192000 Implicit null exception at 0x0000000123559227 to 0x000000012355a334

Events (20 events):
Event: 19.309 loading class org/apache/flink/streaming/runtime/tasks/StreamTask
Event: 19.309 loading class org/apache/flink/streaming/runtime/tasks/StreamTask done
Event: 19.316 loading class org/apache/flink/util/function/FutureTaskWithException
Event: 19.316 loading class org/apache/flink/util/function/FutureTaskWithException done
Event: 19.319 loading class org/apache/flink/util/function/RunnableWithException
Event: 19.319 loading class org/apache/flink/util/function/RunnableWithException done
Event: 19.319 loading class org/apache/flink/util/function/RunnableWithException
Event: 19.319 loading class org/apache/flink/util/function/RunnableWithException done
Event: 19.319 loading class org/apache/flink/util/function/RunnableWithException
Event: 19.319 loading class org/apache/flink/util/function/RunnableWithException done
Event: 19.319 loading class org/apache/flink/util/function/RunnableWithException
Event: 19.319 loading class org/apache/flink/util/function/RunnableWithException done
Event: 19.319 loading class org/apache/flink/util/function/RunnableWithException
Event: 19.319 loading class org/apache/flink/util/function/RunnableWithException done
Event: 19.319 loading class org/apache/flink/util/function/RunnableWithException
Event: 19.319 loading class org/apache/flink/util/function/RunnableWithException done
Event: 19.319 loading class org/apache/flink/util/function/RunnableWithException
Event: 19.319 loading class org/apache/flink/util/function/RunnableWithException done
Event: 19.414 Executing VM operation: BulkRevokeBias
Event: 19.415 Executing VM operation: BulkRevokeBias done


Dynamic libraries:
0x00007ffdffc14000 	/usr/libexec/rosetta/runtime
0x000000010c76d000 	/Library/Apple/usr/libexec/oah/libRosettaRuntime
0x00007fff351d0000 	/System/Library/Frameworks/Cocoa.framework/Versions/A/Cocoa
0x00007fff22173000 	/System/Library/Frameworks/Security.framework/Versions/A/Security
0x00007fff333d8000 	/System/Library/Frameworks/ApplicationServices.framework/Versions/A/ApplicationServices
0x00007fff2a63e000 	/usr/lib/libz.1.dylib
0x000000010cc6d000 	/Users/rustamwarwick/Library/Java/JavaVirtualMachines/corretto-11.0.13/Contents/Home/lib/jli/libjli.dylib
0x00007fff2a70a000 	/usr/lib/libSystem.B.dylib
0x00007fff22ba4000 	/System/Library/Frameworks/AppKit.framework/Versions/C/AppKit
0x00007fff25a8f000 	/System/Library/Frameworks/CoreData.framework/Versions/A/CoreData
0x00007fff2110b000 	/System/Library/Frameworks/Foundation.framework/Versions/C/Foundation
0x00007fff238ef000 	/System/Library/PrivateFrameworks/UIFoundation.framework/Versions/A/UIFoundation
0x00007fff2fe92000 	/System/Library/PrivateFrameworks/RemoteViewServices.framework/Versions/A/RemoteViewServices
0x00007fff28c38000 	/System/Library/PrivateFrameworks/XCTTargetBootstrap.framework/Versions/A/XCTTargetBootstrap
0x00007fff2b98a000 	/usr/lib/libspindump.dylib
0x00007fff23b3e000 	/System/Library/Frameworks/UniformTypeIdentifiers.framework/Versions/A/UniformTypeIdentifiers
0x00007fff2743c000 	/usr/lib/libapp_launch_measurement.dylib
0x00007fff2743f000 	/System/Library/PrivateFrameworks/CoreAutoLayout.framework/Versions/A/CoreAutoLayout
0x00007fff2859f000 	/System/Library/Frameworks/Metal.framework/Versions/A/Metal
0x00007fff29299000 	/usr/lib/liblangid.dylib
0x00007fff28c3c000 	/System/Library/PrivateFrameworks/CoreSVG.framework/Versions/A/CoreSVG
0x00007fff24b7e000 	/System/Library/PrivateFrameworks/SkyLight.framework/Versions/A/SkyLight
0x00007fff24ee4000 	/System/Library/Frameworks/CoreGraphics.framework/Versions/A/CoreGraphics
0x00007fff303b9000 	/System/Library/Frameworks/Accelerate.framework/Versions/A/Accelerate
0x00007fff2b3c8000 	/System/Library/PrivateFrameworks/IconServices.framework/Versions/A/IconServices
0x00007fff28583000 	/System/Library/Frameworks/IOSurface.framework/Versions/A/IOSurface
0x00007fff26423000 	/usr/lib/libDiagnosticMessagesClient.dylib
0x00007fff28c24000 	/System/Library/PrivateFrameworks/DFRFoundation.framework/Versions/A/DFRFoundation
0x00007fff224cb000 	/usr/lib/libicucore.A.dylib
0x00007fff2ced1000 	/System/Library/Frameworks/AudioToolbox.framework/Versions/A/AudioToolbox
0x00007fff2c159000 	/System/Library/PrivateFrameworks/DataDetectorsCore.framework/Versions/A/DataDetectorsCore
0x00007fff24af1000 	/usr/lib/libMobileGestalt.dylib
0x00007fff28928000 	/System/Library/Frameworks/Carbon.framework/Versions/A/Frameworks/HIToolbox.framework/Versions/A/HIToolbox
0x00007fff26e81000 	/System/Library/Frameworks/QuartzCore.framework/Versions/A/QuartzCore
0x00007fff2feca000 	/System/Library/Frameworks/Carbon.framework/Versions/A/Frameworks/SpeechRecognition.framework/Versions/A/SpeechRecognition
0x00007fff271a1000 	/System/Library/PrivateFrameworks/CoreUI.framework/Versions/A/CoreUI
0x00007fff21ae1000 	/System/Library/Frameworks/CoreAudio.framework/Versions/A/CoreAudio
0x00007fff2650e000 	/System/Library/Frameworks/DiskArbitration.framework/Versions/A/DiskArbitration
0x00007fff2bd57000 	/System/Library/PrivateFrameworks/MultitouchSupport.framework/Versions/A/MultitouchSupport
0x00007fff2c150000 	/System/Library/PrivateFrameworks/InternationalSupport.framework/Versions/A/InternationalSupport
0x00007fff24af0000 	/usr/lib/libenergytrace.dylib
0x00007fff22a9b000 	/System/Library/Frameworks/IOKit.framework/Versions/A/IOKit
0x00007fff301fd000 	/System/Library/Frameworks/CoreServices.framework/Versions/A/CoreServices
0x00007fff273ce000 	/System/Library/PrivateFrameworks/PerformanceAnalysis.framework/Versions/A/PerformanceAnalysis
0x00007fff6bd76000 	/System/Library/Frameworks/OpenGL.framework/Versions/A/OpenGL
0x00007fff2c1d4000 	/System/Library/PrivateFrameworks/UserActivity.framework/Versions/A/UserActivity
0x00007fff20252000 	/usr/lib/libobjc.A.dylib
0x00007fff25596000 	/System/Library/Frameworks/ColorSync.framework/Versions/A/ColorSync
0x00007fff20432000 	/System/Library/Frameworks/CoreFoundation.framework/Versions/A/CoreFoundation
0x00007fff28ea7000 	/System/Library/Frameworks/CoreImage.framework/Versions/A/CoreImage
0x00007fff218fb000 	/System/Library/Frameworks/CoreText.framework/Versions/A/CoreText
0x00007fff28c66000 	/System/Library/Frameworks/ImageIO.framework/Versions/A/ImageIO
0x00007fff2a710000 	/System/Library/PrivateFrameworks/SoftLinking.framework/Versions/A/SoftLinking
0x00007fff27487000 	/usr/lib/libxml2.2.dylib
0x00007fff20318000 	/usr/lib/libc++.1.dylib
0x00007fff2a97d000 	/usr/lib/libcompression.dylib
0x00007fff2c082000 	/System/Library/PrivateFrameworks/TextureIO.framework/Versions/A/TextureIO
0x00007fff2b06d000 	/usr/lib/libate.dylib
0x00007fff2a704000 	/usr/lib/system/libcache.dylib
0x00007fff2a6c0000 	/usr/lib/system/libcommonCrypto.dylib
0x00007fff2a6ea000 	/usr/lib/system/libcompiler_rt.dylib
0x00007fff2a6df000 	/usr/lib/system/libcopyfile.dylib
0x00007fff20142000 	/usr/lib/system/libcorecrypto.dylib
0x00007fff2020d000 	/usr/lib/system/libdispatch.dylib
0x00007fff203c0000 	/usr/lib/system/libdyld.dylib
0x00007fff2a6fb000 	/usr/lib/system/libkeymgr.dylib
0x00007fff2dc68000 	/usr/lib/system/liblaunch.dylib
0x00007fff2a69e000 	/usr/lib/system/libmacho.dylib
0x00007fff29e92000 	/usr/lib/system/libquarantine.dylib
0x00007fff2a6f8000 	/usr/lib/system/libremovefile.dylib
0x00007fff24b4e000 	/usr/lib/system/libsystem_asl.dylib
0x00007fff200f2000 	/usr/lib/system/libsystem_blocks.dylib
0x00007fff2028f000 	/usr/lib/system/libsystem_c.dylib
0x00007fff2a6f2000 	/usr/lib/system/libsystem_collections.dylib
0x00007fff2928a000 	/usr/lib/system/libsystem_configuration.dylib
0x00007fff28572000 	/usr/lib/system/libsystem_containermanager.dylib
0x00007fff2a43d000 	/usr/lib/system/libsystem_coreservices.dylib
0x00007fff2272b000 	/usr/lib/system/libsystem_darwin.dylib
0x00007fff2a6fc000 	/usr/lib/system/libsystem_dnssd.dylib
0x00007fff2028c000 	/usr/lib/system/libsystem_featureflags.dylib
0x00007fff20406000 	/usr/lib/system/libsystem_info.dylib
0x00007fff2a651000 	/usr/lib/system/libsystem_m.dylib
0x00007fff201e0000 	/usr/lib/system/libsystem_malloc.dylib
0x00007fff24ae1000 	/usr/lib/system/libsystem_networkextension.dylib
0x00007fff22b4a000 	/usr/lib/system/libsystem_notify.dylib
0x00007fff300ff000 	/usr/lib/system/libsystem_product_info_filter.dylib
0x00007fff2928e000 	/usr/lib/system/libsystem_sandbox.dylib
0x00007fff2a6f5000 	/usr/lib/system/libsystem_secinit.dylib
0x00007fff20384000 	/usr/lib/system/libsystem_kernel.dylib
0x00007fff203fc000 	/usr/lib/system/libsystem_platform.dylib
0x00007fff203b4000 	/usr/lib/system/libsystem_pthread.dylib
0x00007fff2625f000 	/usr/lib/system/libsystem_symptoms.dylib
0x00007fff2012a000 	/usr/lib/system/libsystem_trace.dylib
0x00007fff2a6cc000 	/usr/lib/system/libunwind.dylib
0x00007fff200f4000 	/usr/lib/system/libxpc.dylib
0x00007fff2036e000 	/usr/lib/libc++abi.dylib
0x00007fff2a6d7000 	/usr/lib/liboah.dylib
0x00007fff2ad99000 	/usr/lib/liblzma.5.dylib
0x00007fff20e1f000 	/System/Library/Frameworks/SystemConfiguration.framework/Versions/A/SystemConfiguration
0x00007fff2a70c000 	/usr/lib/libfakelink.dylib
0x00007fff24642000 	/System/Library/Frameworks/CFNetwork.framework/Versions/A/CFNetwork
0x00007fff2a84c000 	/usr/lib/libarchive.2.dylib
0x00007fff20e9d000 	/usr/lib/libCRFSuite.dylib
0x00007fff29eb9000 	/usr/lib/libbsm.0.dylib
0x00007fff23fbb000 	/usr/lib/libnetwork.dylib
0x00007fff2a711000 	/usr/lib/libpcap.A.dylib
0x00007fff26258000 	/usr/lib/libdns_services.dylib
0x00007fff2adb2000 	/usr/lib/libcoretls_cfhelpers.dylib
0x00007fff2a94b000 	/usr/lib/libapple_nghttp2.dylib
0x00007fff2a6a4000 	/usr/lib/system/libkxld.dylib
0x00007fff25ed6000 	/usr/lib/libsqlite3.dylib
0x00007fff2a420000 	/System/Library/PrivateFrameworks/AppleFSCompression.framework/Versions/A/AppleFSCompression
0x00007fff29ea1000 	/usr/lib/libcoretls.dylib
0x00007fff2a978000 	/usr/lib/libpam.2.dylib
0x00007fff2aeb0000 	/usr/lib/libxar.1.dylib
0x00007fff29295000 	/System/Library/PrivateFrameworks/AppleSystemInfo.framework/Versions/A/AppleSystemInfo
0x00007fff29ae3000 	/System/Library/PrivateFrameworks/IOMobileFramebuffer.framework/Versions/A/IOMobileFramebuffer
0x00007fff2a430000 	/usr/lib/libbz2.1.0.dylib
0x00007fff2a749000 	/usr/lib/libiconv.2.dylib
0x00007fff2a69d000 	/usr/lib/libcharset.1.dylib
0x00007fff2740a000 	/System/Library/Frameworks/CoreServices.framework/Versions/A/Frameworks/FSEvents.framework/Versions/A/FSEvents
0x00007fff22735000 	/System/Library/Frameworks/CoreServices.framework/Versions/A/Frameworks/CarbonCore.framework/Versions/A/CarbonCore
0x00007fff26473000 	/System/Library/Frameworks/CoreServices.framework/Versions/A/Frameworks/Metadata.framework/Versions/A/Metadata
0x00007fff2a442000 	/System/Library/Frameworks/CoreServices.framework/Versions/A/Frameworks/OSServices.framework/Versions/A/OSServices
0x00007fff2a8be000 	/System/Library/Frameworks/CoreServices.framework/Versions/A/Frameworks/SearchKit.framework/Versions/A/SearchKit
0x00007fff261e3000 	/System/Library/Frameworks/CoreServices.framework/Versions/A/Frameworks/AE.framework/Versions/A/AE
0x00007fff208d0000 	/System/Library/Frameworks/CoreServices.framework/Versions/A/Frameworks/LaunchServices.framework/Versions/A/LaunchServices
0x00007fff2ad49000 	/System/Library/Frameworks/CoreServices.framework/Versions/A/Frameworks/DictionaryServices.framework/Versions/A/DictionaryServices
0x00007fff27417000 	/System/Library/Frameworks/CoreServices.framework/Versions/A/Frameworks/SharedFileList.framework/Versions/A/SharedFileList
0x00007fff29e95000 	/usr/lib/libCheckFix.dylib
0x00007fff24b65000 	/System/Library/PrivateFrameworks/TCC.framework/Versions/A/TCC
0x00007fff2929b000 	/System/Library/PrivateFrameworks/CoreNLP.framework/Versions/A/CoreNLP
0x00007fff26426000 	/System/Library/PrivateFrameworks/MetadataUtilities.framework/Versions/A/MetadataUtilities
0x00007fff20ed2000 	/usr/lib/libmecabra.dylib
0x00007fff2a19f000 	/System/Library/Frameworks/MLCompute.framework/Versions/A/MLCompute
0x00007fff29eca000 	/usr/lib/libmecab.dylib
0x00007fff29f14000 	/usr/lib/libgermantok.dylib
0x00007fff2a926000 	/usr/lib/libThaiTokenizer.dylib
0x00007fff2aeeb000 	/usr/lib/libChineseTokenizer.dylib
0x00007fff2a976000 	/System/Library/Frameworks/MetalPerformanceShaders.framework/Versions/A/MetalPerformanceShaders
0x00007fff26515000 	/System/Library/Frameworks/Accelerate.framework/Versions/A/Frameworks/vImage.framework/Versions/A/vImage
0x00007fff301d7000 	/System/Library/Frameworks/Accelerate.framework/Versions/A/Frameworks/vecLib.framework/Versions/A/vecLib
0x00007fff2aef6000 	/System/Library/Frameworks/Accelerate.framework/Versions/A/Frameworks/vecLib.framework/Versions/A/libvMisc.dylib
0x00007fff29943000 	/System/Library/Frameworks/Accelerate.framework/Versions/A/Frameworks/vecLib.framework/Versions/A/libvDSP.dylib
0x00007fff20bdb000 	/System/Library/Frameworks/Accelerate.framework/Versions/A/Frameworks/vecLib.framework/Versions/A/libBLAS.dylib
0x00007fff2a9a4000 	/System/Library/Frameworks/Accelerate.framework/Versions/A/Frameworks/vecLib.framework/Versions/A/libLAPACK.dylib
0x00007fff29f1a000 	/System/Library/Frameworks/Accelerate.framework/Versions/A/Frameworks/vecLib.framework/Versions/A/libLinearAlgebra.dylib
0x00007fff2a963000 	/System/Library/Frameworks/Accelerate.framework/Versions/A/Frameworks/vecLib.framework/Versions/A/libSparseBLAS.dylib
0x00007fff2a99e000 	/System/Library/Frameworks/Accelerate.framework/Versions/A/Frameworks/vecLib.framework/Versions/A/libQuadrature.dylib
0x00007fff29347000 	/System/Library/Frameworks/Accelerate.framework/Versions/A/Frameworks/vecLib.framework/Versions/A/libBNNS.dylib
0x00007fff20db0000 	/System/Library/Frameworks/Accelerate.framework/Versions/A/Frameworks/vecLib.framework/Versions/A/libSparse.dylib
0x00007fff29223000 	/System/Library/Frameworks/MetalPerformanceShaders.framework/Versions/A/Frameworks/MPSCore.framework/Versions/A/MPSCore
0x00007fff2a38f000 	/System/Library/Frameworks/MetalPerformanceShaders.framework/Versions/A/Frameworks/MPSImage.framework/Versions/A/MPSImage
0x00007fff29f30000 	/System/Library/Frameworks/MetalPerformanceShaders.framework/Versions/A/Frameworks/MPSNeuralNetwork.framework/Versions/A/MPSNeuralNetwork
0x00007fff2a301000 	/System/Library/Frameworks/MetalPerformanceShaders.framework/Versions/A/Frameworks/MPSMatrix.framework/Versions/A/MPSMatrix
0x00007fff2a14f000 	/System/Library/Frameworks/MetalPerformanceShaders.framework/Versions/A/Frameworks/MPSRayIntersector.framework/Versions/A/MPSRayIntersector
0x00007fff2a338000 	/System/Library/Frameworks/MetalPerformanceShaders.framework/Versions/A/Frameworks/MPSNDArray.framework/Versions/A/MPSNDArray
0x00007fff20b06000 	/System/Library/PrivateFrameworks/MetalTools.framework/Versions/A/MetalTools
0x00007fff29293000 	/System/Library/PrivateFrameworks/AggregateDictionary.framework/Versions/A/AggregateDictionary
0x00007fff263f3000 	/System/Library/PrivateFrameworks/CoreAnalytics.framework/Versions/A/CoreAnalytics
0x00007fff2a928000 	/System/Library/PrivateFrameworks/AppleSauce.framework/Versions/A/AppleSauce
0x00007fff28595000 	/System/Library/PrivateFrameworks/IOAccelerator.framework/Versions/A/IOAccelerator
0x00007fff6bd6a000 	/System/Library/Frameworks/OpenGL.framework/Versions/A/Libraries/libCoreFSCache.dylib
0x00007fff2146a000 	/System/Library/PrivateFrameworks/LanguageModeling.framework/Versions/A/LanguageModeling
0x00007fff29ad1000 	/System/Library/PrivateFrameworks/CoreEmoji.framework/Versions/A/CoreEmoji
0x00007fff29340000 	/System/Library/PrivateFrameworks/LinguisticData.framework/Versions/A/LinguisticData
0x00007fff20d62000 	/System/Library/PrivateFrameworks/Lexicon.framework/Versions/A/Lexicon
0x00007fff2a83a000 	/usr/lib/libcmph.dylib
0x00007fff273ea000 	/System/Library/Frameworks/OpenDirectory.framework/Versions/A/Frameworks/CFOpenDirectory.framework/Versions/A/CFOpenDirectory
0x00007fff273da000 	/System/Library/Frameworks/OpenDirectory.framework/Versions/A/OpenDirectory
0x00007fff2adb4000 	/System/Library/PrivateFrameworks/APFS.framework/Versions/A/APFS
0x00007fff29df7000 	/System/Library/Frameworks/SecurityFoundation.framework/Versions/A/SecurityFoundation
0x00007fff2aebe000 	/usr/lib/libutil.dylib
0x00007fff22a60000 	/System/Library/PrivateFrameworks/CoreServicesStore.framework/Versions/A/CoreServicesStore
0x00007fff29e8d000 	/System/Library/Frameworks/ServiceManagement.framework/Versions/A/ServiceManagement
0x00007fff2aec2000 	/usr/lib/libxslt.1.dylib
0x00007fff29e83000 	/System/Library/PrivateFrameworks/BackgroundTaskManagement.framework/Versions/A/BackgroundTaskManagement
0x00007fff2bfcd000 	/System/Library/Frameworks/ImageIO.framework/Versions/A/Resources/libRadiance.dylib
0x00007fff2bfd6000 	/System/Library/Frameworks/ImageIO.framework/Versions/A/Resources/libJPEG.dylib
0x00007fff2bf21000 	/System/Library/Frameworks/ImageIO.framework/Versions/A/Resources/libPng.dylib
0x00007fff2bf48000 	/System/Library/Frameworks/ImageIO.framework/Versions/A/Resources/libTIFF.dylib
0x00007fff2c02b000 	/System/Library/Frameworks/ImageIO.framework/Versions/A/Resources/libGIF.dylib
0x00007fff2bc74000 	/System/Library/Frameworks/ImageIO.framework/Versions/A/Resources/libJP2.dylib
0x00007fff2b390000 	/usr/lib/libexpat.1.dylib
0x00007fff2bc2a000 	/System/Library/PrivateFrameworks/AppleJPEG.framework/Versions/A/AppleJPEG
0x00007fff287cb000 	/System/Library/PrivateFrameworks/FontServices.framework/libFontParser.dylib
0x00007fff2619a000 	/System/Library/PrivateFrameworks/RunningBoardServices.framework/Versions/A/RunningBoardServices
0x00007fff2bd53000 	/System/Library/PrivateFrameworks/WatchdogClient.framework/Versions/A/WatchdogClient
0x00007fff21553000 	/System/Library/Frameworks/CoreDisplay.framework/Versions/A/CoreDisplay
0x00007fff286e0000 	/System/Library/Frameworks/CoreMedia.framework/Versions/A/CoreMedia
0x00007fff2756a000 	/System/Library/Frameworks/CoreVideo.framework/Versions/A/CoreVideo
0x00007fff2bd8e000 	/System/Library/Frameworks/VideoToolbox.framework/Versions/A/VideoToolbox
0x00007fff2611a000 	/System/Library/PrivateFrameworks/BaseBoard.framework/Versions/A/BaseBoard
0x00007fff2b4d4000 	/System/Library/PrivateFrameworks/PersistentConnection.framework/Versions/A/PersistentConnection
0x00007fff25ec0000 	/System/Library/PrivateFrameworks/ProtocolBuffer.framework/Versions/A/ProtocolBuffer
0x00007fff26102000 	/System/Library/PrivateFrameworks/CommonUtilities.framework/Versions/A/CommonUtilities
0x00007fff2bbed000 	/System/Library/PrivateFrameworks/Bom.framework/Versions/A/Bom
0x00007fff2bfc5000 	/System/Library/PrivateFrameworks/GPUWrangler.framework/Versions/A/GPUWrangler
0x00007fff2bfa8000 	/System/Library/PrivateFrameworks/IOPresentment.framework/Versions/A/IOPresentment
0x00007fff2bfd0000 	/System/Library/PrivateFrameworks/DSExternalDisplay.framework/Versions/A/DSExternalDisplay
0x00007fff2c030000 	/System/Library/PrivateFrameworks/CMCaptureCore.framework/Versions/A/CMCaptureCore
0x00007fff2b970000 	/System/Library/PrivateFrameworks/AppServerSupport.framework/Versions/A/AppServerSupport
0x00007fff2da0b000 	/System/Library/PrivateFrameworks/perfdata.framework/Versions/A/perfdata
0x00007fff29de6000 	/System/Library/PrivateFrameworks/AssertionServices.framework/Versions/A/AssertionServices
0x00007fff2168a000 	/System/Library/PrivateFrameworks/AudioToolboxCore.framework/Versions/A/AudioToolboxCore
0x00007fff286c3000 	/System/Library/PrivateFrameworks/caulk.framework/Versions/A/caulk
0x00007fff3ceb7000 	/System/Library/PrivateFrameworks/SystemPolicy.framework/Versions/A/SystemPolicy
0x00007fff2b19f000 	/usr/lib/libIOReport.dylib
0x00007fff2d247000 	/usr/lib/libSMC.dylib
0x00007fff2beed000 	/usr/lib/libAudioToolboxUtility.dylib
0x00007fff3d814000 	/usr/lib/libmis.dylib
0x00007fff6bdc6000 	/System/Library/Frameworks/OpenGL.framework/Versions/A/Libraries/libGLU.dylib
0x00007fff6bd89000 	/System/Library/Frameworks/OpenGL.framework/Versions/A/Libraries/libGFXShared.dylib
0x00007fff6bf97000 	/System/Library/Frameworks/OpenGL.framework/Versions/A/Libraries/libGL.dylib
0x00007fff6bd92000 	/System/Library/Frameworks/OpenGL.framework/Versions/A/Libraries/libGLImage.dylib
0x00007fff6bd86000 	/System/Library/Frameworks/OpenGL.framework/Versions/A/Libraries/libCVMSPluginSupport.dylib
0x00007fff6bd71000 	/System/Library/Frameworks/OpenGL.framework/Versions/A/Libraries/libCoreVMClient.dylib
0x00007fff6d3e1000 	/System/Library/Frameworks/OpenCL.framework/Versions/A/OpenCL
0x00007fff2b4fd000 	/System/Library/PrivateFrameworks/GraphVisualizer.framework/Versions/A/GraphVisualizer
0x00007fff2b50c000 	/System/Library/PrivateFrameworks/FaceCore.framework/Versions/A/FaceCore
0x00007fff2b928000 	/System/Library/PrivateFrameworks/OTSVG.framework/Versions/A/OTSVG
0x00007fff2715f000 	/System/Library/Frameworks/ApplicationServices.framework/Versions/A/Frameworks/ATS.framework/Versions/A/Resources/libFontRegistry.dylib
0x00007fff2b977000 	/System/Library/PrivateFrameworks/FontServices.framework/libhvf.dylib
0x00007fff2b33c000 	/System/Library/PrivateFrameworks/AppleVA.framework/Versions/A/AppleVA
0x00007fff2d08f000 	/System/Library/Frameworks/ApplicationServices.framework/Versions/A/Frameworks/ATS.framework/Versions/A/ATS
0x00007fff2d3a2000 	/System/Library/Frameworks/ApplicationServices.framework/Versions/A/Frameworks/ColorSyncLegacy.framework/Versions/A/ColorSyncLegacy
0x00007fff2568d000 	/System/Library/Frameworks/ApplicationServices.framework/Versions/A/Frameworks/HIServices.framework/Versions/A/HIServices
0x00007fff2d387000 	/System/Library/Frameworks/ApplicationServices.framework/Versions/A/Frameworks/LangAnalysis.framework/Versions/A/LangAnalysis
0x00007fff2c03a000 	/System/Library/Frameworks/ApplicationServices.framework/Versions/A/Frameworks/PrintCore.framework/Versions/A/PrintCore
0x00007fff2d3aa000 	/System/Library/Frameworks/ApplicationServices.framework/Versions/A/Frameworks/QD.framework/Versions/A/QD
0x00007fff2d07f000 	/System/Library/Frameworks/ApplicationServices.framework/Versions/A/Frameworks/SpeechSynthesis.framework/Versions/A/SpeechSynthesis
0x00007fff2bffb000 	/System/Library/Frameworks/ApplicationServices.framework/Versions/A/Frameworks/ATSUI.framework/Versions/A/ATSUI
0x00007fff2d327000 	/usr/lib/libcups.2.dylib
0x00007fff2d397000 	/System/Library/PrivateFrameworks/NetAuth.framework/Versions/A/NetAuth
0x00007fff2da26000 	/System/Library/Frameworks/Kerberos.framework/Versions/A/Kerberos
0x00007fff2da36000 	/System/Library/Frameworks/GSS.framework/Versions/A/GSS
0x00007fff2d0fc000 	/usr/lib/libresolv.9.dylib
0x00007fff2b98d000 	/System/Library/PrivateFrameworks/Heimdal.framework/Versions/A/Heimdal
0x00007fff336ed000 	/System/Library/Frameworks/Kerberos.framework/Versions/A/Libraries/libHeimdalProxy.dylib
0x00007fff26267000 	/System/Library/Frameworks/Network.framework/Versions/A/Network
0x00007fff2b3a9000 	/usr/lib/libheimdal-asn1.dylib
0x00007fff2da87000 	/System/Library/PrivateFrameworks/CommonAuth.framework/Versions/A/CommonAuth
0x00007fff275b8000 	/System/Library/PrivateFrameworks/login.framework/Versions/A/Frameworks/loginsupport.framework/Versions/A/loginsupport
0x00007fff2d006000 	/System/Library/PrivateFrameworks/AudioSession.framework/Versions/A/AudioSession
0x00007fff2d06c000 	/usr/lib/libAudioStatistics.dylib
0x00007fff2b435000 	/System/Library/PrivateFrameworks/MediaExperience.framework/Versions/A/MediaExperience
0x00007fff2ce9f000 	/System/Library/PrivateFrameworks/AudioSession.framework/libSessionUtility.dylib
0x00007fff2da17000 	/usr/lib/libperfcheck.dylib
0x00007fff2d3b6000 	/System/Library/PrivateFrameworks/AudioResourceArbitration.framework/Versions/A/AudioResourceArbitration
0x00007fff2b3b3000 	/System/Library/PrivateFrameworks/IconFoundation.framework/Versions/A/IconFoundation
0x00007fff2feba000 	/System/Library/PrivateFrameworks/SpeechRecognitionCore.framework/Versions/A/SpeechRecognitionCore
0x0000000111000000 	/Users/rustamwarwick/Library/Java/JavaVirtualMachines/corretto-11.0.13/Contents/Home/lib/server/libjvm.dylib
0x000000010cce0000 	/Users/rustamwarwick/Library/Java/JavaVirtualMachines/corretto-11.0.13/Contents/Home/lib/libverify.dylib
0x000000010cd5a000 	/Users/rustamwarwick/Library/Java/JavaVirtualMachines/corretto-11.0.13/Contents/Home/lib/libjava.dylib
0x000000010cdc5000 	/Users/rustamwarwick/Library/Java/JavaVirtualMachines/corretto-11.0.13/Contents/Home/lib/libjimage.dylib
0x000000010ce22000 	/Users/rustamwarwick/Library/Java/JavaVirtualMachines/corretto-11.0.13/Contents/Home/lib/libzip.dylib
0x00000001c72ea000 	/Users/rustamwarwick/Library/Java/JavaVirtualMachines/corretto-11.0.13/Contents/Home/lib/libnio.dylib
0x00000001c731b000 	/Users/rustamwarwick/Library/Java/JavaVirtualMachines/corretto-11.0.13/Contents/Home/lib/libnet.dylib
0x00000001c7cc9000 	/Users/rustamwarwick/.javacpp/cache/javacpp-1.5.5-macosx-x86_64.jar/org/bytedeco/javacpp/macosx-x86_64/libjnijavacpp.dylib
0x00000001c8232000 	/Users/rustamwarwick/.javacpp/cache/openblas-0.3.13-1.5.5-macosx-x86_64.jar/org/bytedeco/openblas/macosx-x86_64/libgcc_s.1.dylib
0x00000001c829a000 	/Users/rustamwarwick/.javacpp/cache/openblas-0.3.13-1.5.5-macosx-x86_64.jar/org/bytedeco/openblas/macosx-x86_64/libquadmath.0.dylib
0x00000001c833f000 	/Users/rustamwarwick/.javacpp/cache/openblas-0.3.13-1.5.5-macosx-x86_64.jar/org/bytedeco/openblas/macosx-x86_64/libgfortran.4.dylib
0x00000001c879a000 	/Users/rustamwarwick/.javacpp/cache/openblas-0.3.13-1.5.5-macosx-x86_64.jar/org/bytedeco/openblas/macosx-x86_64/libopenblas_nolapack.0.dylib
0x00000001fe025000 	/Users/rustamwarwick/.javacpp/cache/openblas-0.3.13-1.5.5-macosx-x86_64.jar/org/bytedeco/openblas/macosx-x86_64/libjniopenblas_nolapack.dylib
0x00000001fe0cc000 	/Users/rustamwarwick/.javacpp/cache/openblas-0.3.13-1.5.5-macosx-x86_64.jar/org/bytedeco/openblas/macosx-x86_64/libopenblas.0.dylib
0x0000000244b84000 	/Users/rustamwarwick/.javacpp/cache/openblas-0.3.13-1.5.5-macosx-x86_64.jar/org/bytedeco/openblas/macosx-x86_64/libjniopenblas.dylib
0x0000000248be6000 	/Users/rustamwarwick/.javacpp/cache/nd4j-native-1.0.0-M1.1-macosx-x86_64.jar/org/nd4j/nativeblas/macosx-x86_64/libnd4jcpu.dylib
0x0000000203984000 	/Users/rustamwarwick/.javacpp/cache/nd4j-native-1.0.0-M1.1-macosx-x86_64.jar/org/nd4j/nativeblas/macosx-x86_64/libjnind4jcpu.dylib
0x000000026dce0000 	/Users/rustamwarwick/Library/Java/JavaVirtualMachines/corretto-11.0.13/Contents/Home/lib/libmanagement.dylib
0x000000026dcfb000 	/Users/rustamwarwick/Library/Java/JavaVirtualMachines/corretto-11.0.13/Contents/Home/lib/libmanagement_ext.dylib
0x000000026e1e6000 	/Users/rustamwarwick/Library/Java/JavaVirtualMachines/corretto-11.0.13/Contents/Home/lib/libextnet.dylib
0x000000026fbe7000 	/Users/rustamwarwick/.javacpp/cache/tensorflow-core-api-0.3.3-macosx-x86_64.jar/org/tensorflow/internal/c_api/macosx-x86_64/libtensorflow_framework.2.dylib


VM Arguments:
jvm_args: -Xmx64G -Dfile.encoding=UTF-8 -Duser.country=GB -Duser.language=en -Duser.variant 
java_command: StreamPartitionTest
java_class_path (initial): /Users/rustamwarwick/Documents/Projects/Flink-Partitioning/build/classes/java/main:/Users/rustamwarwick/Documents/Projects/Flink-Partitioning/build/resources/main:/Users/rustamwarwick/.gradle/caches/modules-2/files-2.1/org.jetbrains/annotations/20.1.0/2fcd1f3225bca0c4a7bc931142076f8c1e80993f/annotations-20.1.0.jar:/Users/rustamwarwick/.gradle/caches/modules-2/files-2.1/org.nd4j/nd4j-kryo_2.11/1.0.0-M1.1/98f10f3b67f52ad482de5c96eb844dec26fc23e6/nd4j-kryo_2.11-1.0.0-M1.1.jar:/Users/rustamwarwick/.gradle/caches/modules-2/files-2.1/de.javakaffee/kryo-serializers/0.41/9a9e9a0575cdbff2bfefac5de8bd3bf2b8d36e14/kryo-serializers-0.41.jar:/Users/rustamwarwick/.gradle/caches/modules-2/files-2.1/com.esotericsoftware/kryo/4.0.0/9f5c64c1315ec79bee0f56bb88e4ae94b65048ce/kryo-4.0.0.jar:/Users/rustamwarwick/.gradle/caches/modules-2/files-2.1/org.apache.flink/flink-clients_2.11/1.14.0/34f13a514e3d9adfc27d102e805c9ecc9f61ce3f/flink-clients_2.11-1.14.0.jar:/Users/rustamwarwick/.gradle/caches/modules-2/files-2.1/org.apache.flink/flink-streaming-java_2.11/1.14.0/a6b70aca8e7d3c0e4c12013517f5ee454879f53f/flink-streaming-java_2.11-1.14.0.jar:/Users/rustamwarwick/.gradle/caches/modules-2/files-2.1/org.apache.flink/flink-statebackend-rocksdb_2.11/1.14.0/2ea083fceea4b94c9c2b352be21d1749ee6dc6d4/flink-statebackend-rocksdb_2.11-1.14.0.jar:/Users/rustamwarwick/.gradle/caches/modules-2/files-2.1/org.nd4j/nd4j-native-platform/1.0.0-M1.1/6058da4e003128a9c697ea7974d6d2337e66229e/nd4j-native-platform-1.0.0-M1.1.jar:/Users/rustamwarwick/.gradle/caches/modules-2/files-2.1/org.deeplearning4j/deeplearning4j-utility-iterators/1.0.0-M1.1/e99fb05740b86d1488b53f44792cfa1be67542e1/deeplearning4j-utility-iterators-1.0.0-M1.1.jar:/Users/rustamwarwick/.gradle/caches/modules-2/files-2.1/org.tensorflow/tensorflow-core-platform/0.3.3/b0e704dc6b26c72af177e518fc78814a2d9a7007/tensorflow-core-platform-0.3.3.jar:/Users/rustamwarwick/.gradle/caches/modules-2/files-2.1/com.esotericsoftware/ref
Launcher Type: SUN_STANDARD

[Global flags]
     intx CICompilerCount                          = 4                                         {product} {ergonomic}
     uint ConcGCThreads                            = 2                                         {product} {ergonomic}
     uint G1ConcRefinementThreads                  = 8                                         {product} {ergonomic}
   size_t G1HeapRegionSize                         = 16777216                                  {product} {ergonomic}
    uintx GCDrainStackTargetSize                   = 64                                        {product} {ergonomic}
   size_t InitialHeapSize                          = 268435456                                 {product} {ergonomic}
   size_t MarkStackSize                            = 4194304                                   {product} {ergonomic}
   size_t MaxHeapSize                              = 68719476736                               {product} {command line}
   size_t MaxNewSize                               = 41221619712                               {product} {ergonomic}
   size_t MinHeapDeltaBytes                        = 16777216                                  {product} {ergonomic}
    uintx NonNMethodCodeHeapSize                   = 5836300                                {pd product} {ergonomic}
    uintx NonProfiledCodeHeapSize                  = 122910970                              {pd product} {ergonomic}
    uintx ProfiledCodeHeapSize                     = 122910970                              {pd product} {ergonomic}
    uintx ReservedCodeCacheSize                    = 251658240                              {pd product} {ergonomic}
     bool SegmentedCodeCache                       = true                                      {product} {ergonomic}
     bool UseG1GC                                  = true                                      {product} {ergonomic}

Logging:
Log output configuration:
 #0: stdout all=warning uptime,level,tags
 #1: stderr all=off uptime,level,tags

Environment Variables:
PATH=/Users/rustamwarwick/miniconda3/bin:/Users/rustamwarwick/miniconda3/condabin:/opt/homebrew/bin:/opt/homebrew/sbin:/usr/local/bin:/usr/bin:/bin:/usr/sbin:/sbin:/opt/homebrew/bin
SHELL=/bin/zsh
LC_CTYPE=en_GB.UTF-8

Signal Handlers:
SIGSEGV: [libjvm.dylib+0x7cd036], sa_mask[0]=11111111111111111111111111111111, sa_flags=SA_ONSTACK|SA_RESTART|SA_SIGINFO
SIGBUS: [libjvm.dylib+0x7cd036], sa_mask[0]=11111111111111111111111111111111, sa_flags=SA_RESTART|SA_SIGINFO
SIGFPE: [libjvm.dylib+0x7cd036], sa_mask[0]=11111111111111111111111111111111, sa_flags=SA_RESTART|SA_SIGINFO
SIGPIPE: [libjvm.dylib+0x63099c], sa_mask[0]=11111111111111111111111111111111, sa_flags=SA_RESTART|SA_SIGINFO
SIGXFSZ: [libjvm.dylib+0x63099c], sa_mask[0]=11111111111111111111111111111111, sa_flags=SA_RESTART|SA_SIGINFO
SIGILL: [libjvm.dylib+0x7cd036], sa_mask[0]=11111111111111111111111111111111, sa_flags=SA_RESTART|SA_SIGINFO
SIGUSR2: [libjvm.dylib+0x630f7a], sa_mask[0]=00100000000000000000000000000000, sa_flags=SA_RESTART|SA_SIGINFO
SIGHUP: [libjvm.dylib+0x62fb2d], sa_mask[0]=11111111111111111111111111111111, sa_flags=SA_RESTART|SA_SIGINFO
SIGINT: [libjvm.dylib+0x62fb2d], sa_mask[0]=11111111111111111111111111111111, sa_flags=SA_RESTART|SA_SIGINFO
SIGTERM: [libjvm.dylib+0x62fb2d], sa_mask[0]=11111111111111111111111111111111, sa_flags=SA_RESTART|SA_SIGINFO
SIGQUIT: [libjvm.dylib+0x62fb2d], sa_mask[0]=11111111111111111111111111111111, sa_flags=SA_RESTART|SA_SIGINFO


---------------  S Y S T E M  ---------------

OS:uname:Darwin 20.6.0 Darwin Kernel Version 20.6.0: Wed Jun 23 00:26:27 PDT 2021; root:xnu-7195.141.2~5/RELEASE_ARM64_T8101 x86_64
OS uptime: 3 days 18:55 hours
rlimit (soft/hard): STACK 8176k/65520k , CORE 0k/infinity , NPROC 2666/4000 , NOFILE 10240/infinity , AS infinity/infinity , CPU infinity/infinity , DATA infinity/infinity , FSIZE infinity/infinity , MEMLOCK infinity/infinity , RSS infinity/infinity
load average:2.03 2.09 1.95

CPU:total 8 (initial active 8) (1 cores per cpu, 1 threads per core) family 6 model 44 stepping 0 microcode 0x0, cmov, cx8, fxsr, mmx, sse, sse2, sse3, ssse3, sse4.1, sse4.2, popcnt, aes, clmul, tsc, tscinvbit, tscinv

Memory: 4k page, physical 16777216k(20036k free), swap 1048576k(958720k free)

vm_info: OpenJDK 64-Bit Server VM (11.0.13+8-LTS) for bsd-amd64 JRE (11.0.13+8-LTS), built on Oct 13 2021 21:26:47 by "ec2user" with clang Apple LLVM 13.0.0 (clang-1300.0.29.3)

END.
